#-----------------------------------------------------------
# Vivado v2020.2 (64-bit)
# SW Build 3064766 on Wed Nov 18 09:12:45 MST 2020
# IP Build 3064653 on Wed Nov 18 14:17:31 MST 2020
# Start of session at: Wed Jan 24 19:27:44 2024
# Process ID: 12044
# Current directory: D:/Gabriel/Documents/Universite/S4/APP2/pb_logique_seq
# Command line: vivado.exe -gui_launcher_event rodinguilauncherevent11396 D:\Gabriel\Documents\Universite\S4\APP2\pb_logique_seq\pb_logique_seq.xpr
# Log file: D:/Gabriel/Documents/Universite/S4/APP2/pb_logique_seq/vivado.log
# Journal file: D:/Gabriel/Documents/Universite/S4/APP2/pb_logique_seq\vivado.jou
#-----------------------------------------------------------
start_gui
open_project D:/Gabriel/Documents/Universite/S4/APP2/pb_logique_seq/pb_logique_seq.xpr
Scanning sources...
Finished scanning sources
INFO: [IP_Flow 19-234] Refreshing IP repositories
INFO: [IP_Flow 19-1704] No user IP repositories specified
INFO: [IP_Flow 19-2313] Loaded Vivado IP repository 'C:/Xilinx/Vivado/2020.2/data/ip'.
WARNING: [IP_Flow 19-3664] IP 'design_1_compteur_nbits_0_0' generated file not found 'd:/Gabriel/Documents/Universite/S4/APP2/pb_logique_seq/pb_logique_seq.gen/sources_1/bd/design_1/ip/design_1_compteur_nbits_0_0/design_1_compteur_nbits_0_0.dcp'. Please regenerate to continue.
WARNING: [IP_Flow 19-3664] IP 'design_1_compteur_nbits_0_0' generated file not found 'd:/Gabriel/Documents/Universite/S4/APP2/pb_logique_seq/pb_logique_seq.gen/sources_1/bd/design_1/ip/design_1_compteur_nbits_0_0/design_1_compteur_nbits_0_0_stub.v'. Please regenerate to continue.
WARNING: [IP_Flow 19-3664] IP 'design_1_compteur_nbits_0_0' generated file not found 'd:/Gabriel/Documents/Universite/S4/APP2/pb_logique_seq/pb_logique_seq.gen/sources_1/bd/design_1/ip/design_1_compteur_nbits_0_0/design_1_compteur_nbits_0_0_stub.vhdl'. Please regenerate to continue.
WARNING: [IP_Flow 19-3664] IP 'design_1_compteur_nbits_0_0' generated file not found 'd:/Gabriel/Documents/Universite/S4/APP2/pb_logique_seq/pb_logique_seq.gen/sources_1/bd/design_1/ip/design_1_compteur_nbits_0_0/design_1_compteur_nbits_0_0_sim_netlist.v'. Please regenerate to continue.
WARNING: [IP_Flow 19-3664] IP 'design_1_compteur_nbits_0_0' generated file not found 'd:/Gabriel/Documents/Universite/S4/APP2/pb_logique_seq/pb_logique_seq.gen/sources_1/bd/design_1/ip/design_1_compteur_nbits_0_0/design_1_compteur_nbits_0_0_sim_netlist.vhdl'. Please regenerate to continue.
WARNING: [IP_Flow 19-3664] IP 'design_1_mef_decod_i2s_v1b_0_0' generated file not found 'd:/Gabriel/Documents/Universite/S4/APP2/pb_logique_seq/pb_logique_seq.gen/sources_1/bd/design_1/ip/design_1_mef_decod_i2s_v1b_0_0/design_1_mef_decod_i2s_v1b_0_0.dcp'. Please regenerate to continue.
WARNING: [IP_Flow 19-3664] IP 'design_1_mef_decod_i2s_v1b_0_0' generated file not found 'd:/Gabriel/Documents/Universite/S4/APP2/pb_logique_seq/pb_logique_seq.gen/sources_1/bd/design_1/ip/design_1_mef_decod_i2s_v1b_0_0/design_1_mef_decod_i2s_v1b_0_0_stub.v'. Please regenerate to continue.
WARNING: [IP_Flow 19-3664] IP 'design_1_mef_decod_i2s_v1b_0_0' generated file not found 'd:/Gabriel/Documents/Universite/S4/APP2/pb_logique_seq/pb_logique_seq.gen/sources_1/bd/design_1/ip/design_1_mef_decod_i2s_v1b_0_0/design_1_mef_decod_i2s_v1b_0_0_stub.vhdl'. Please regenerate to continue.
WARNING: [IP_Flow 19-3664] IP 'design_1_mef_decod_i2s_v1b_0_0' generated file not found 'd:/Gabriel/Documents/Universite/S4/APP2/pb_logique_seq/pb_logique_seq.gen/sources_1/bd/design_1/ip/design_1_mef_decod_i2s_v1b_0_0/design_1_mef_decod_i2s_v1b_0_0_sim_netlist.v'. Please regenerate to continue.
WARNING: [IP_Flow 19-3664] IP 'design_1_mef_decod_i2s_v1b_0_0' generated file not found 'd:/Gabriel/Documents/Universite/S4/APP2/pb_logique_seq/pb_logique_seq.gen/sources_1/bd/design_1/ip/design_1_mef_decod_i2s_v1b_0_0/design_1_mef_decod_i2s_v1b_0_0_sim_netlist.vhdl'. Please regenerate to continue.
WARNING: [IP_Flow 19-3664] IP 'design_1_reg_24b_0_0' generated file not found 'd:/Gabriel/Documents/Universite/S4/APP2/pb_logique_seq/pb_logique_seq.gen/sources_1/bd/design_1/ip/design_1_reg_24b_0_0/design_1_reg_24b_0_0.dcp'. Please regenerate to continue.
WARNING: [IP_Flow 19-3664] IP 'design_1_reg_24b_0_0' generated file not found 'd:/Gabriel/Documents/Universite/S4/APP2/pb_logique_seq/pb_logique_seq.gen/sources_1/bd/design_1/ip/design_1_reg_24b_0_0/design_1_reg_24b_0_0_stub.v'. Please regenerate to continue.
WARNING: [IP_Flow 19-3664] IP 'design_1_reg_24b_0_0' generated file not found 'd:/Gabriel/Documents/Universite/S4/APP2/pb_logique_seq/pb_logique_seq.gen/sources_1/bd/design_1/ip/design_1_reg_24b_0_0/design_1_reg_24b_0_0_stub.vhdl'. Please regenerate to continue.
WARNING: [IP_Flow 19-3664] IP 'design_1_reg_24b_0_0' generated file not found 'd:/Gabriel/Documents/Universite/S4/APP2/pb_logique_seq/pb_logique_seq.gen/sources_1/bd/design_1/ip/design_1_reg_24b_0_0/design_1_reg_24b_0_0_sim_netlist.v'. Please regenerate to continue.
WARNING: [IP_Flow 19-3664] IP 'design_1_reg_24b_0_0' generated file not found 'd:/Gabriel/Documents/Universite/S4/APP2/pb_logique_seq/pb_logique_seq.gen/sources_1/bd/design_1/ip/design_1_reg_24b_0_0/design_1_reg_24b_0_0_sim_netlist.vhdl'. Please regenerate to continue.
WARNING: [IP_Flow 19-3664] IP 'design_1_reg_24b_0_1' generated file not found 'd:/Gabriel/Documents/Universite/S4/APP2/pb_logique_seq/pb_logique_seq.gen/sources_1/bd/design_1/ip/design_1_reg_24b_0_1/design_1_reg_24b_0_1.dcp'. Please regenerate to continue.
WARNING: [IP_Flow 19-3664] IP 'design_1_reg_24b_0_1' generated file not found 'd:/Gabriel/Documents/Universite/S4/APP2/pb_logique_seq/pb_logique_seq.gen/sources_1/bd/design_1/ip/design_1_reg_24b_0_1/design_1_reg_24b_0_1_stub.v'. Please regenerate to continue.
WARNING: [IP_Flow 19-3664] IP 'design_1_reg_24b_0_1' generated file not found 'd:/Gabriel/Documents/Universite/S4/APP2/pb_logique_seq/pb_logique_seq.gen/sources_1/bd/design_1/ip/design_1_reg_24b_0_1/design_1_reg_24b_0_1_stub.vhdl'. Please regenerate to continue.
WARNING: [IP_Flow 19-3664] IP 'design_1_reg_24b_0_1' generated file not found 'd:/Gabriel/Documents/Universite/S4/APP2/pb_logique_seq/pb_logique_seq.gen/sources_1/bd/design_1/ip/design_1_reg_24b_0_1/design_1_reg_24b_0_1_sim_netlist.v'. Please regenerate to continue.
WARNING: [IP_Flow 19-3664] IP 'design_1_reg_24b_0_1' generated file not found 'd:/Gabriel/Documents/Universite/S4/APP2/pb_logique_seq/pb_logique_seq.gen/sources_1/bd/design_1/ip/design_1_reg_24b_0_1/design_1_reg_24b_0_1_sim_netlist.vhdl'. Please regenerate to continue.
WARNING: [IP_Flow 19-3664] IP 'design_1_mef_cod_i2s_vsb_0_0' generated file not found 'd:/Gabriel/Documents/Universite/S4/APP2/pb_logique_seq/pb_logique_seq.gen/sources_1/bd/design_1/ip/design_1_mef_cod_i2s_vsb_0_0/design_1_mef_cod_i2s_vsb_0_0.dcp'. Please regenerate to continue.
WARNING: [IP_Flow 19-3664] IP 'design_1_mef_cod_i2s_vsb_0_0' generated file not found 'd:/Gabriel/Documents/Universite/S4/APP2/pb_logique_seq/pb_logique_seq.gen/sources_1/bd/design_1/ip/design_1_mef_cod_i2s_vsb_0_0/design_1_mef_cod_i2s_vsb_0_0_stub.v'. Please regenerate to continue.
WARNING: [IP_Flow 19-3664] IP 'design_1_mef_cod_i2s_vsb_0_0' generated file not found 'd:/Gabriel/Documents/Universite/S4/APP2/pb_logique_seq/pb_logique_seq.gen/sources_1/bd/design_1/ip/design_1_mef_cod_i2s_vsb_0_0/design_1_mef_cod_i2s_vsb_0_0_stub.vhdl'. Please regenerate to continue.
WARNING: [IP_Flow 19-3664] IP 'design_1_mef_cod_i2s_vsb_0_0' generated file not found 'd:/Gabriel/Documents/Universite/S4/APP2/pb_logique_seq/pb_logique_seq.gen/sources_1/bd/design_1/ip/design_1_mef_cod_i2s_vsb_0_0/design_1_mef_cod_i2s_vsb_0_0_sim_netlist.v'. Please regenerate to continue.
WARNING: [IP_Flow 19-3664] IP 'design_1_mef_cod_i2s_vsb_0_0' generated file not found 'd:/Gabriel/Documents/Universite/S4/APP2/pb_logique_seq/pb_logique_seq.gen/sources_1/bd/design_1/ip/design_1_mef_cod_i2s_vsb_0_0/design_1_mef_cod_i2s_vsb_0_0_sim_netlist.vhdl'. Please regenerate to continue.
WARNING: [IP_Flow 19-3664] IP 'design_1_reg_dec_24b_fd_0_0' generated file not found 'd:/Gabriel/Documents/Universite/S4/APP2/pb_logique_seq/pb_logique_seq.gen/sources_1/bd/design_1/ip/design_1_reg_dec_24b_fd_0_0/design_1_reg_dec_24b_fd_0_0.dcp'. Please regenerate to continue.
WARNING: [IP_Flow 19-3664] IP 'design_1_reg_dec_24b_fd_0_0' generated file not found 'd:/Gabriel/Documents/Universite/S4/APP2/pb_logique_seq/pb_logique_seq.gen/sources_1/bd/design_1/ip/design_1_reg_dec_24b_fd_0_0/design_1_reg_dec_24b_fd_0_0_stub.v'. Please regenerate to continue.
WARNING: [IP_Flow 19-3664] IP 'design_1_reg_dec_24b_fd_0_0' generated file not found 'd:/Gabriel/Documents/Universite/S4/APP2/pb_logique_seq/pb_logique_seq.gen/sources_1/bd/design_1/ip/design_1_reg_dec_24b_fd_0_0/design_1_reg_dec_24b_fd_0_0_stub.vhdl'. Please regenerate to continue.
WARNING: [IP_Flow 19-3664] IP 'design_1_reg_dec_24b_fd_0_0' generated file not found 'd:/Gabriel/Documents/Universite/S4/APP2/pb_logique_seq/pb_logique_seq.gen/sources_1/bd/design_1/ip/design_1_reg_dec_24b_fd_0_0/design_1_reg_dec_24b_fd_0_0_sim_netlist.v'. Please regenerate to continue.
WARNING: [IP_Flow 19-3664] IP 'design_1_reg_dec_24b_fd_0_0' generated file not found 'd:/Gabriel/Documents/Universite/S4/APP2/pb_logique_seq/pb_logique_seq.gen/sources_1/bd/design_1/ip/design_1_reg_dec_24b_fd_0_0/design_1_reg_dec_24b_fd_0_0_sim_netlist.vhdl'. Please regenerate to continue.
WARNING: [IP_Flow 19-3664] IP 'design_1_util_vector_logic_0_0' generated file not found 'd:/Gabriel/Documents/Universite/S4/APP2/pb_logique_seq/pb_logique_seq.gen/sources_1/bd/design_1/ip/design_1_util_vector_logic_0_0/design_1_util_vector_logic_0_0.dcp'. Please regenerate to continue.
WARNING: [IP_Flow 19-3664] IP 'design_1_util_vector_logic_0_0' generated file not found 'd:/Gabriel/Documents/Universite/S4/APP2/pb_logique_seq/pb_logique_seq.gen/sources_1/bd/design_1/ip/design_1_util_vector_logic_0_0/design_1_util_vector_logic_0_0_stub.v'. Please regenerate to continue.
WARNING: [IP_Flow 19-3664] IP 'design_1_util_vector_logic_0_0' generated file not found 'd:/Gabriel/Documents/Universite/S4/APP2/pb_logique_seq/pb_logique_seq.gen/sources_1/bd/design_1/ip/design_1_util_vector_logic_0_0/design_1_util_vector_logic_0_0_stub.vhdl'. Please regenerate to continue.
WARNING: [IP_Flow 19-3664] IP 'design_1_util_vector_logic_0_0' generated file not found 'd:/Gabriel/Documents/Universite/S4/APP2/pb_logique_seq/pb_logique_seq.gen/sources_1/bd/design_1/ip/design_1_util_vector_logic_0_0/design_1_util_vector_logic_0_0_sim_netlist.v'. Please regenerate to continue.
WARNING: [IP_Flow 19-3664] IP 'design_1_util_vector_logic_0_0' generated file not found 'd:/Gabriel/Documents/Universite/S4/APP2/pb_logique_seq/pb_logique_seq.gen/sources_1/bd/design_1/ip/design_1_util_vector_logic_0_0/design_1_util_vector_logic_0_0_sim_netlist.vhdl'. Please regenerate to continue.
WARNING: [IP_Flow 19-3664] IP 'design_1_affhexPmodSSD_v3_0_0' generated file not found 'd:/Gabriel/Documents/Universite/S4/APP2/pb_logique_seq/pb_logique_seq.gen/sources_1/bd/design_1/ip/design_1_affhexPmodSSD_v3_0_0/design_1_affhexPmodSSD_v3_0_0.dcp'. Please regenerate to continue.
WARNING: [IP_Flow 19-3664] IP 'design_1_affhexPmodSSD_v3_0_0' generated file not found 'd:/Gabriel/Documents/Universite/S4/APP2/pb_logique_seq/pb_logique_seq.gen/sources_1/bd/design_1/ip/design_1_affhexPmodSSD_v3_0_0/design_1_affhexPmodSSD_v3_0_0_stub.v'. Please regenerate to continue.
WARNING: [IP_Flow 19-3664] IP 'design_1_affhexPmodSSD_v3_0_0' generated file not found 'd:/Gabriel/Documents/Universite/S4/APP2/pb_logique_seq/pb_logique_seq.gen/sources_1/bd/design_1/ip/design_1_affhexPmodSSD_v3_0_0/design_1_affhexPmodSSD_v3_0_0_stub.vhdl'. Please regenerate to continue.
WARNING: [IP_Flow 19-3664] IP 'design_1_affhexPmodSSD_v3_0_0' generated file not found 'd:/Gabriel/Documents/Universite/S4/APP2/pb_logique_seq/pb_logique_seq.gen/sources_1/bd/design_1/ip/design_1_affhexPmodSSD_v3_0_0/design_1_affhexPmodSSD_v3_0_0_sim_netlist.v'. Please regenerate to continue.
WARNING: [IP_Flow 19-3664] IP 'design_1_affhexPmodSSD_v3_0_0' generated file not found 'd:/Gabriel/Documents/Universite/S4/APP2/pb_logique_seq/pb_logique_seq.gen/sources_1/bd/design_1/ip/design_1_affhexPmodSSD_v3_0_0/design_1_affhexPmodSSD_v3_0_0_sim_netlist.vhdl'. Please regenerate to continue.
WARNING: [IP_Flow 19-3664] IP 'design_1_calcul_param_3_0_0' generated file not found 'd:/Gabriel/Documents/Universite/S4/APP2/pb_logique_seq/pb_logique_seq.gen/sources_1/bd/design_1/ip/design_1_calcul_param_3_0_0/design_1_calcul_param_3_0_0.dcp'. Please regenerate to continue.
WARNING: [IP_Flow 19-3664] IP 'design_1_calcul_param_3_0_0' generated file not found 'd:/Gabriel/Documents/Universite/S4/APP2/pb_logique_seq/pb_logique_seq.gen/sources_1/bd/design_1/ip/design_1_calcul_param_3_0_0/design_1_calcul_param_3_0_0_stub.v'. Please regenerate to continue.
WARNING: [IP_Flow 19-3664] IP 'design_1_calcul_param_3_0_0' generated file not found 'd:/Gabriel/Documents/Universite/S4/APP2/pb_logique_seq/pb_logique_seq.gen/sources_1/bd/design_1/ip/design_1_calcul_param_3_0_0/design_1_calcul_param_3_0_0_stub.vhdl'. Please regenerate to continue.
WARNING: [IP_Flow 19-3664] IP 'design_1_calcul_param_3_0_0' generated file not found 'd:/Gabriel/Documents/Universite/S4/APP2/pb_logique_seq/pb_logique_seq.gen/sources_1/bd/design_1/ip/design_1_calcul_param_3_0_0/design_1_calcul_param_3_0_0_sim_netlist.v'. Please regenerate to continue.
WARNING: [IP_Flow 19-3664] IP 'design_1_calcul_param_3_0_0' generated file not found 'd:/Gabriel/Documents/Universite/S4/APP2/pb_logique_seq/pb_logique_seq.gen/sources_1/bd/design_1/ip/design_1_calcul_param_3_0_0/design_1_calcul_param_3_0_0_sim_netlist.vhdl'. Please regenerate to continue.
WARNING: [IP_Flow 19-3664] IP 'design_1_mux4_0_0' generated file not found 'd:/Gabriel/Documents/Universite/S4/APP2/pb_logique_seq/pb_logique_seq.gen/sources_1/bd/design_1/ip/design_1_mux4_0_0/design_1_mux4_0_0.dcp'. Please regenerate to continue.
WARNING: [IP_Flow 19-3664] IP 'design_1_mux4_0_0' generated file not found 'd:/Gabriel/Documents/Universite/S4/APP2/pb_logique_seq/pb_logique_seq.gen/sources_1/bd/design_1/ip/design_1_mux4_0_0/design_1_mux4_0_0_stub.v'. Please regenerate to continue.
WARNING: [IP_Flow 19-3664] IP 'design_1_mux4_0_0' generated file not found 'd:/Gabriel/Documents/Universite/S4/APP2/pb_logique_seq/pb_logique_seq.gen/sources_1/bd/design_1/ip/design_1_mux4_0_0/design_1_mux4_0_0_stub.vhdl'. Please regenerate to continue.
WARNING: [IP_Flow 19-3664] IP 'design_1_mux4_0_0' generated file not found 'd:/Gabriel/Documents/Universite/S4/APP2/pb_logique_seq/pb_logique_seq.gen/sources_1/bd/design_1/ip/design_1_mux4_0_0/design_1_mux4_0_0_sim_netlist.v'. Please regenerate to continue.
WARNING: [IP_Flow 19-3664] IP 'design_1_mux4_0_0' generated file not found 'd:/Gabriel/Documents/Universite/S4/APP2/pb_logique_seq/pb_logique_seq.gen/sources_1/bd/design_1/ip/design_1_mux4_0_0/design_1_mux4_0_0_sim_netlist.vhdl'. Please regenerate to continue.
WARNING: [IP_Flow 19-3664] IP 'design_1_mux4_0_1' generated file not found 'd:/Gabriel/Documents/Universite/S4/APP2/pb_logique_seq/pb_logique_seq.gen/sources_1/bd/design_1/ip/design_1_mux4_0_1/design_1_mux4_0_1.dcp'. Please regenerate to continue.
WARNING: [IP_Flow 19-3664] IP 'design_1_mux4_0_1' generated file not found 'd:/Gabriel/Documents/Universite/S4/APP2/pb_logique_seq/pb_logique_seq.gen/sources_1/bd/design_1/ip/design_1_mux4_0_1/design_1_mux4_0_1_stub.v'. Please regenerate to continue.
WARNING: [IP_Flow 19-3664] IP 'design_1_mux4_0_1' generated file not found 'd:/Gabriel/Documents/Universite/S4/APP2/pb_logique_seq/pb_logique_seq.gen/sources_1/bd/design_1/ip/design_1_mux4_0_1/design_1_mux4_0_1_stub.vhdl'. Please regenerate to continue.
WARNING: [IP_Flow 19-3664] IP 'design_1_mux4_0_1' generated file not found 'd:/Gabriel/Documents/Universite/S4/APP2/pb_logique_seq/pb_logique_seq.gen/sources_1/bd/design_1/ip/design_1_mux4_0_1/design_1_mux4_0_1_sim_netlist.v'. Please regenerate to continue.
WARNING: [IP_Flow 19-3664] IP 'design_1_mux4_0_1' generated file not found 'd:/Gabriel/Documents/Universite/S4/APP2/pb_logique_seq/pb_logique_seq.gen/sources_1/bd/design_1/ip/design_1_mux4_0_1/design_1_mux4_0_1_sim_netlist.vhdl'. Please regenerate to continue.
WARNING: [IP_Flow 19-3664] IP 'design_1_sig_fct_sat_dure_0_1' generated file not found 'd:/Gabriel/Documents/Universite/S4/APP2/pb_logique_seq/pb_logique_seq.gen/sources_1/bd/design_1/ip/design_1_sig_fct_sat_dure_0_1/design_1_sig_fct_sat_dure_0_1.dcp'. Please regenerate to continue.
WARNING: [IP_Flow 19-3664] IP 'design_1_sig_fct_sat_dure_0_1' generated file not found 'd:/Gabriel/Documents/Universite/S4/APP2/pb_logique_seq/pb_logique_seq.gen/sources_1/bd/design_1/ip/design_1_sig_fct_sat_dure_0_1/design_1_sig_fct_sat_dure_0_1_stub.v'. Please regenerate to continue.
WARNING: [IP_Flow 19-3664] IP 'design_1_sig_fct_sat_dure_0_1' generated file not found 'd:/Gabriel/Documents/Universite/S4/APP2/pb_logique_seq/pb_logique_seq.gen/sources_1/bd/design_1/ip/design_1_sig_fct_sat_dure_0_1/design_1_sig_fct_sat_dure_0_1_stub.vhdl'. Please regenerate to continue.
WARNING: [IP_Flow 19-3664] IP 'design_1_sig_fct_sat_dure_0_1' generated file not found 'd:/Gabriel/Documents/Universite/S4/APP2/pb_logique_seq/pb_logique_seq.gen/sources_1/bd/design_1/ip/design_1_sig_fct_sat_dure_0_1/design_1_sig_fct_sat_dure_0_1_sim_netlist.v'. Please regenerate to continue.
WARNING: [IP_Flow 19-3664] IP 'design_1_sig_fct_sat_dure_0_1' generated file not found 'd:/Gabriel/Documents/Universite/S4/APP2/pb_logique_seq/pb_logique_seq.gen/sources_1/bd/design_1/ip/design_1_sig_fct_sat_dure_0_1/design_1_sig_fct_sat_dure_0_1_sim_netlist.vhdl'. Please regenerate to continue.
open_project: Time (s): cpu = 00:00:25 ; elapsed = 00:00:16 . Memory (MB): peak = 1089.168 ; gain = 0.000
update_compile_order -fileset sources_1
update_module_reference design_1_mef_decod_i2s_v1b_0_0
INFO: [Common 17-41] Interrupt caught. Command should exit soon.
INFO: [IP_Flow 19-5107] Inferred bus interface 'i_reset' of definition 'xilinx.com:signal:reset:1.0' (from Xilinx Repository).
INFO: [IP_Flow 19-5107] Inferred bus interface 'o_cpt_bit_reset' of definition 'xilinx.com:signal:reset:1.0' (from Xilinx Repository).
INFO: [IP_Flow 19-234] Refreshing IP repositories
INFO: [IP_Flow 19-1704] No user IP repositories specified
update_module_reference: Time (s): cpu = 00:00:02 ; elapsed = 00:01:04 . Memory (MB): peak = 1089.168 ; gain = 0.000
INFO: [Common 17-344] 'update_module_reference' was cancelled
exit
INFO: [Common 17-206] Exiting Vivado at Wed Jan 24 22:38:45 2024...
