#-----------------------------------------------------------
# Vivado v2020.2 (64-bit)
# SW Build 3064766 on Wed Nov 18 09:12:45 MST 2020
# IP Build 3064653 on Wed Nov 18 14:17:31 MST 2020
# Start of session at: Wed Jan 24 13:34:46 2024
# Process ID: 21584
# Current directory: D:/Gabriel/Documents/Universite/S4/APP2/pb_logique_seq
# Command line: vivado.exe -gui_launcher_event rodinguilauncherevent1936 D:\Gabriel\Documents\Universite\S4\APP2\pb_logique_seq\pb_logique_seq.xpr
# Log file: D:/Gabriel/Documents/Universite/S4/APP2/pb_logique_seq/vivado.log
# Journal file: D:/Gabriel/Documents/Universite/S4/APP2/pb_logique_seq\vivado.jou
#-----------------------------------------------------------
start_gui
open_project D:/Gabriel/Documents/Universite/S4/APP2/pb_logique_seq/pb_logique_seq.xpr
Scanning sources...
Finished scanning sources
INFO: [IP_Flow 19-234] Refreshing IP repositories
INFO: [IP_Flow 19-1704] No user IP repositories specified
INFO: [IP_Flow 19-2313] Loaded Vivado IP repository 'C:/Xilinx/Vivado/2020.2/data/ip'.
WARNING: [IP_Flow 19-3664] IP 'design_1_compteur_nbits_0_0' generated file not found 'd:/Gabriel/Documents/Universite/S4/APP2/pb_logique_seq/pb_logique_seq.gen/sources_1/bd/design_1/ip/design_1_compteur_nbits_0_0/design_1_compteur_nbits_0_0.dcp'. Please regenerate to continue.
WARNING: [IP_Flow 19-3664] IP 'design_1_compteur_nbits_0_0' generated file not found 'd:/Gabriel/Documents/Universite/S4/APP2/pb_logique_seq/pb_logique_seq.gen/sources_1/bd/design_1/ip/design_1_compteur_nbits_0_0/design_1_compteur_nbits_0_0_stub.v'. Please regenerate to continue.
WARNING: [IP_Flow 19-3664] IP 'design_1_compteur_nbits_0_0' generated file not found 'd:/Gabriel/Documents/Universite/S4/APP2/pb_logique_seq/pb_logique_seq.gen/sources_1/bd/design_1/ip/design_1_compteur_nbits_0_0/design_1_compteur_nbits_0_0_stub.vhdl'. Please regenerate to continue.
WARNING: [IP_Flow 19-3664] IP 'design_1_compteur_nbits_0_0' generated file not found 'd:/Gabriel/Documents/Universite/S4/APP2/pb_logique_seq/pb_logique_seq.gen/sources_1/bd/design_1/ip/design_1_compteur_nbits_0_0/design_1_compteur_nbits_0_0_sim_netlist.v'. Please regenerate to continue.
WARNING: [IP_Flow 19-3664] IP 'design_1_compteur_nbits_0_0' generated file not found 'd:/Gabriel/Documents/Universite/S4/APP2/pb_logique_seq/pb_logique_seq.gen/sources_1/bd/design_1/ip/design_1_compteur_nbits_0_0/design_1_compteur_nbits_0_0_sim_netlist.vhdl'. Please regenerate to continue.
WARNING: [IP_Flow 19-3664] IP 'design_1_mef_decod_i2s_v1b_0_0' generated file not found 'd:/Gabriel/Documents/Universite/S4/APP2/pb_logique_seq/pb_logique_seq.gen/sources_1/bd/design_1/ip/design_1_mef_decod_i2s_v1b_0_0/design_1_mef_decod_i2s_v1b_0_0.dcp'. Please regenerate to continue.
WARNING: [IP_Flow 19-3664] IP 'design_1_mef_decod_i2s_v1b_0_0' generated file not found 'd:/Gabriel/Documents/Universite/S4/APP2/pb_logique_seq/pb_logique_seq.gen/sources_1/bd/design_1/ip/design_1_mef_decod_i2s_v1b_0_0/design_1_mef_decod_i2s_v1b_0_0_stub.v'. Please regenerate to continue.
WARNING: [IP_Flow 19-3664] IP 'design_1_mef_decod_i2s_v1b_0_0' generated file not found 'd:/Gabriel/Documents/Universite/S4/APP2/pb_logique_seq/pb_logique_seq.gen/sources_1/bd/design_1/ip/design_1_mef_decod_i2s_v1b_0_0/design_1_mef_decod_i2s_v1b_0_0_stub.vhdl'. Please regenerate to continue.
WARNING: [IP_Flow 19-3664] IP 'design_1_mef_decod_i2s_v1b_0_0' generated file not found 'd:/Gabriel/Documents/Universite/S4/APP2/pb_logique_seq/pb_logique_seq.gen/sources_1/bd/design_1/ip/design_1_mef_decod_i2s_v1b_0_0/design_1_mef_decod_i2s_v1b_0_0_sim_netlist.v'. Please regenerate to continue.
WARNING: [IP_Flow 19-3664] IP 'design_1_mef_decod_i2s_v1b_0_0' generated file not found 'd:/Gabriel/Documents/Universite/S4/APP2/pb_logique_seq/pb_logique_seq.gen/sources_1/bd/design_1/ip/design_1_mef_decod_i2s_v1b_0_0/design_1_mef_decod_i2s_v1b_0_0_sim_netlist.vhdl'. Please regenerate to continue.
WARNING: [IP_Flow 19-3664] IP 'design_1_reg_24b_0_0' generated file not found 'd:/Gabriel/Documents/Universite/S4/APP2/pb_logique_seq/pb_logique_seq.gen/sources_1/bd/design_1/ip/design_1_reg_24b_0_0/design_1_reg_24b_0_0.dcp'. Please regenerate to continue.
WARNING: [IP_Flow 19-3664] IP 'design_1_reg_24b_0_0' generated file not found 'd:/Gabriel/Documents/Universite/S4/APP2/pb_logique_seq/pb_logique_seq.gen/sources_1/bd/design_1/ip/design_1_reg_24b_0_0/design_1_reg_24b_0_0_stub.v'. Please regenerate to continue.
WARNING: [IP_Flow 19-3664] IP 'design_1_reg_24b_0_0' generated file not found 'd:/Gabriel/Documents/Universite/S4/APP2/pb_logique_seq/pb_logique_seq.gen/sources_1/bd/design_1/ip/design_1_reg_24b_0_0/design_1_reg_24b_0_0_stub.vhdl'. Please regenerate to continue.
WARNING: [IP_Flow 19-3664] IP 'design_1_reg_24b_0_0' generated file not found 'd:/Gabriel/Documents/Universite/S4/APP2/pb_logique_seq/pb_logique_seq.gen/sources_1/bd/design_1/ip/design_1_reg_24b_0_0/design_1_reg_24b_0_0_sim_netlist.v'. Please regenerate to continue.
WARNING: [IP_Flow 19-3664] IP 'design_1_reg_24b_0_0' generated file not found 'd:/Gabriel/Documents/Universite/S4/APP2/pb_logique_seq/pb_logique_seq.gen/sources_1/bd/design_1/ip/design_1_reg_24b_0_0/design_1_reg_24b_0_0_sim_netlist.vhdl'. Please regenerate to continue.
WARNING: [IP_Flow 19-3664] IP 'design_1_reg_24b_0_1' generated file not found 'd:/Gabriel/Documents/Universite/S4/APP2/pb_logique_seq/pb_logique_seq.gen/sources_1/bd/design_1/ip/design_1_reg_24b_0_1/design_1_reg_24b_0_1.dcp'. Please regenerate to continue.
WARNING: [IP_Flow 19-3664] IP 'design_1_reg_24b_0_1' generated file not found 'd:/Gabriel/Documents/Universite/S4/APP2/pb_logique_seq/pb_logique_seq.gen/sources_1/bd/design_1/ip/design_1_reg_24b_0_1/design_1_reg_24b_0_1_stub.v'. Please regenerate to continue.
WARNING: [IP_Flow 19-3664] IP 'design_1_reg_24b_0_1' generated file not found 'd:/Gabriel/Documents/Universite/S4/APP2/pb_logique_seq/pb_logique_seq.gen/sources_1/bd/design_1/ip/design_1_reg_24b_0_1/design_1_reg_24b_0_1_stub.vhdl'. Please regenerate to continue.
WARNING: [IP_Flow 19-3664] IP 'design_1_reg_24b_0_1' generated file not found 'd:/Gabriel/Documents/Universite/S4/APP2/pb_logique_seq/pb_logique_seq.gen/sources_1/bd/design_1/ip/design_1_reg_24b_0_1/design_1_reg_24b_0_1_sim_netlist.v'. Please regenerate to continue.
WARNING: [IP_Flow 19-3664] IP 'design_1_reg_24b_0_1' generated file not found 'd:/Gabriel/Documents/Universite/S4/APP2/pb_logique_seq/pb_logique_seq.gen/sources_1/bd/design_1/ip/design_1_reg_24b_0_1/design_1_reg_24b_0_1_sim_netlist.vhdl'. Please regenerate to continue.
WARNING: [IP_Flow 19-3664] IP 'design_1_mef_cod_i2s_vsb_0_0' generated file not found 'd:/Gabriel/Documents/Universite/S4/APP2/pb_logique_seq/pb_logique_seq.gen/sources_1/bd/design_1/ip/design_1_mef_cod_i2s_vsb_0_0/design_1_mef_cod_i2s_vsb_0_0.dcp'. Please regenerate to continue.
WARNING: [IP_Flow 19-3664] IP 'design_1_mef_cod_i2s_vsb_0_0' generated file not found 'd:/Gabriel/Documents/Universite/S4/APP2/pb_logique_seq/pb_logique_seq.gen/sources_1/bd/design_1/ip/design_1_mef_cod_i2s_vsb_0_0/design_1_mef_cod_i2s_vsb_0_0_stub.v'. Please regenerate to continue.
WARNING: [IP_Flow 19-3664] IP 'design_1_mef_cod_i2s_vsb_0_0' generated file not found 'd:/Gabriel/Documents/Universite/S4/APP2/pb_logique_seq/pb_logique_seq.gen/sources_1/bd/design_1/ip/design_1_mef_cod_i2s_vsb_0_0/design_1_mef_cod_i2s_vsb_0_0_stub.vhdl'. Please regenerate to continue.
WARNING: [IP_Flow 19-3664] IP 'design_1_mef_cod_i2s_vsb_0_0' generated file not found 'd:/Gabriel/Documents/Universite/S4/APP2/pb_logique_seq/pb_logique_seq.gen/sources_1/bd/design_1/ip/design_1_mef_cod_i2s_vsb_0_0/design_1_mef_cod_i2s_vsb_0_0_sim_netlist.v'. Please regenerate to continue.
WARNING: [IP_Flow 19-3664] IP 'design_1_mef_cod_i2s_vsb_0_0' generated file not found 'd:/Gabriel/Documents/Universite/S4/APP2/pb_logique_seq/pb_logique_seq.gen/sources_1/bd/design_1/ip/design_1_mef_cod_i2s_vsb_0_0/design_1_mef_cod_i2s_vsb_0_0_sim_netlist.vhdl'. Please regenerate to continue.
WARNING: [IP_Flow 19-3664] IP 'design_1_reg_dec_24b_fd_0_0' generated file not found 'd:/Gabriel/Documents/Universite/S4/APP2/pb_logique_seq/pb_logique_seq.gen/sources_1/bd/design_1/ip/design_1_reg_dec_24b_fd_0_0/design_1_reg_dec_24b_fd_0_0.dcp'. Please regenerate to continue.
WARNING: [IP_Flow 19-3664] IP 'design_1_reg_dec_24b_fd_0_0' generated file not found 'd:/Gabriel/Documents/Universite/S4/APP2/pb_logique_seq/pb_logique_seq.gen/sources_1/bd/design_1/ip/design_1_reg_dec_24b_fd_0_0/design_1_reg_dec_24b_fd_0_0_stub.v'. Please regenerate to continue.
WARNING: [IP_Flow 19-3664] IP 'design_1_reg_dec_24b_fd_0_0' generated file not found 'd:/Gabriel/Documents/Universite/S4/APP2/pb_logique_seq/pb_logique_seq.gen/sources_1/bd/design_1/ip/design_1_reg_dec_24b_fd_0_0/design_1_reg_dec_24b_fd_0_0_stub.vhdl'. Please regenerate to continue.
WARNING: [IP_Flow 19-3664] IP 'design_1_reg_dec_24b_fd_0_0' generated file not found 'd:/Gabriel/Documents/Universite/S4/APP2/pb_logique_seq/pb_logique_seq.gen/sources_1/bd/design_1/ip/design_1_reg_dec_24b_fd_0_0/design_1_reg_dec_24b_fd_0_0_sim_netlist.v'. Please regenerate to continue.
WARNING: [IP_Flow 19-3664] IP 'design_1_reg_dec_24b_fd_0_0' generated file not found 'd:/Gabriel/Documents/Universite/S4/APP2/pb_logique_seq/pb_logique_seq.gen/sources_1/bd/design_1/ip/design_1_reg_dec_24b_fd_0_0/design_1_reg_dec_24b_fd_0_0_sim_netlist.vhdl'. Please regenerate to continue.
WARNING: [IP_Flow 19-3664] IP 'design_1_util_vector_logic_0_0' generated file not found 'd:/Gabriel/Documents/Universite/S4/APP2/pb_logique_seq/pb_logique_seq.gen/sources_1/bd/design_1/ip/design_1_util_vector_logic_0_0/design_1_util_vector_logic_0_0.dcp'. Please regenerate to continue.
WARNING: [IP_Flow 19-3664] IP 'design_1_util_vector_logic_0_0' generated file not found 'd:/Gabriel/Documents/Universite/S4/APP2/pb_logique_seq/pb_logique_seq.gen/sources_1/bd/design_1/ip/design_1_util_vector_logic_0_0/design_1_util_vector_logic_0_0_stub.v'. Please regenerate to continue.
WARNING: [IP_Flow 19-3664] IP 'design_1_util_vector_logic_0_0' generated file not found 'd:/Gabriel/Documents/Universite/S4/APP2/pb_logique_seq/pb_logique_seq.gen/sources_1/bd/design_1/ip/design_1_util_vector_logic_0_0/design_1_util_vector_logic_0_0_stub.vhdl'. Please regenerate to continue.
WARNING: [IP_Flow 19-3664] IP 'design_1_util_vector_logic_0_0' generated file not found 'd:/Gabriel/Documents/Universite/S4/APP2/pb_logique_seq/pb_logique_seq.gen/sources_1/bd/design_1/ip/design_1_util_vector_logic_0_0/design_1_util_vector_logic_0_0_sim_netlist.v'. Please regenerate to continue.
WARNING: [IP_Flow 19-3664] IP 'design_1_util_vector_logic_0_0' generated file not found 'd:/Gabriel/Documents/Universite/S4/APP2/pb_logique_seq/pb_logique_seq.gen/sources_1/bd/design_1/ip/design_1_util_vector_logic_0_0/design_1_util_vector_logic_0_0_sim_netlist.vhdl'. Please regenerate to continue.
WARNING: [IP_Flow 19-3664] IP 'design_1_affhexPmodSSD_v3_0_0' generated file not found 'd:/Gabriel/Documents/Universite/S4/APP2/pb_logique_seq/pb_logique_seq.gen/sources_1/bd/design_1/ip/design_1_affhexPmodSSD_v3_0_0/design_1_affhexPmodSSD_v3_0_0.dcp'. Please regenerate to continue.
WARNING: [IP_Flow 19-3664] IP 'design_1_affhexPmodSSD_v3_0_0' generated file not found 'd:/Gabriel/Documents/Universite/S4/APP2/pb_logique_seq/pb_logique_seq.gen/sources_1/bd/design_1/ip/design_1_affhexPmodSSD_v3_0_0/design_1_affhexPmodSSD_v3_0_0_stub.v'. Please regenerate to continue.
WARNING: [IP_Flow 19-3664] IP 'design_1_affhexPmodSSD_v3_0_0' generated file not found 'd:/Gabriel/Documents/Universite/S4/APP2/pb_logique_seq/pb_logique_seq.gen/sources_1/bd/design_1/ip/design_1_affhexPmodSSD_v3_0_0/design_1_affhexPmodSSD_v3_0_0_stub.vhdl'. Please regenerate to continue.
WARNING: [IP_Flow 19-3664] IP 'design_1_affhexPmodSSD_v3_0_0' generated file not found 'd:/Gabriel/Documents/Universite/S4/APP2/pb_logique_seq/pb_logique_seq.gen/sources_1/bd/design_1/ip/design_1_affhexPmodSSD_v3_0_0/design_1_affhexPmodSSD_v3_0_0_sim_netlist.v'. Please regenerate to continue.
WARNING: [IP_Flow 19-3664] IP 'design_1_affhexPmodSSD_v3_0_0' generated file not found 'd:/Gabriel/Documents/Universite/S4/APP2/pb_logique_seq/pb_logique_seq.gen/sources_1/bd/design_1/ip/design_1_affhexPmodSSD_v3_0_0/design_1_affhexPmodSSD_v3_0_0_sim_netlist.vhdl'. Please regenerate to continue.
WARNING: [IP_Flow 19-3664] IP 'design_1_calcul_param_3_0_0' generated file not found 'd:/Gabriel/Documents/Universite/S4/APP2/pb_logique_seq/pb_logique_seq.gen/sources_1/bd/design_1/ip/design_1_calcul_param_3_0_0/design_1_calcul_param_3_0_0.dcp'. Please regenerate to continue.
WARNING: [IP_Flow 19-3664] IP 'design_1_calcul_param_3_0_0' generated file not found 'd:/Gabriel/Documents/Universite/S4/APP2/pb_logique_seq/pb_logique_seq.gen/sources_1/bd/design_1/ip/design_1_calcul_param_3_0_0/design_1_calcul_param_3_0_0_stub.v'. Please regenerate to continue.
WARNING: [IP_Flow 19-3664] IP 'design_1_calcul_param_3_0_0' generated file not found 'd:/Gabriel/Documents/Universite/S4/APP2/pb_logique_seq/pb_logique_seq.gen/sources_1/bd/design_1/ip/design_1_calcul_param_3_0_0/design_1_calcul_param_3_0_0_stub.vhdl'. Please regenerate to continue.
WARNING: [IP_Flow 19-3664] IP 'design_1_calcul_param_3_0_0' generated file not found 'd:/Gabriel/Documents/Universite/S4/APP2/pb_logique_seq/pb_logique_seq.gen/sources_1/bd/design_1/ip/design_1_calcul_param_3_0_0/design_1_calcul_param_3_0_0_sim_netlist.v'. Please regenerate to continue.
WARNING: [IP_Flow 19-3664] IP 'design_1_calcul_param_3_0_0' generated file not found 'd:/Gabriel/Documents/Universite/S4/APP2/pb_logique_seq/pb_logique_seq.gen/sources_1/bd/design_1/ip/design_1_calcul_param_3_0_0/design_1_calcul_param_3_0_0_sim_netlist.vhdl'. Please regenerate to continue.
WARNING: [IP_Flow 19-3664] IP 'design_1_mux4_0_0' generated file not found 'd:/Gabriel/Documents/Universite/S4/APP2/pb_logique_seq/pb_logique_seq.gen/sources_1/bd/design_1/ip/design_1_mux4_0_0/design_1_mux4_0_0.dcp'. Please regenerate to continue.
WARNING: [IP_Flow 19-3664] IP 'design_1_mux4_0_0' generated file not found 'd:/Gabriel/Documents/Universite/S4/APP2/pb_logique_seq/pb_logique_seq.gen/sources_1/bd/design_1/ip/design_1_mux4_0_0/design_1_mux4_0_0_stub.v'. Please regenerate to continue.
WARNING: [IP_Flow 19-3664] IP 'design_1_mux4_0_0' generated file not found 'd:/Gabriel/Documents/Universite/S4/APP2/pb_logique_seq/pb_logique_seq.gen/sources_1/bd/design_1/ip/design_1_mux4_0_0/design_1_mux4_0_0_stub.vhdl'. Please regenerate to continue.
WARNING: [IP_Flow 19-3664] IP 'design_1_mux4_0_0' generated file not found 'd:/Gabriel/Documents/Universite/S4/APP2/pb_logique_seq/pb_logique_seq.gen/sources_1/bd/design_1/ip/design_1_mux4_0_0/design_1_mux4_0_0_sim_netlist.v'. Please regenerate to continue.
WARNING: [IP_Flow 19-3664] IP 'design_1_mux4_0_0' generated file not found 'd:/Gabriel/Documents/Universite/S4/APP2/pb_logique_seq/pb_logique_seq.gen/sources_1/bd/design_1/ip/design_1_mux4_0_0/design_1_mux4_0_0_sim_netlist.vhdl'. Please regenerate to continue.
WARNING: [IP_Flow 19-3664] IP 'design_1_mux4_0_1' generated file not found 'd:/Gabriel/Documents/Universite/S4/APP2/pb_logique_seq/pb_logique_seq.gen/sources_1/bd/design_1/ip/design_1_mux4_0_1/design_1_mux4_0_1.dcp'. Please regenerate to continue.
WARNING: [IP_Flow 19-3664] IP 'design_1_mux4_0_1' generated file not found 'd:/Gabriel/Documents/Universite/S4/APP2/pb_logique_seq/pb_logique_seq.gen/sources_1/bd/design_1/ip/design_1_mux4_0_1/design_1_mux4_0_1_stub.v'. Please regenerate to continue.
WARNING: [IP_Flow 19-3664] IP 'design_1_mux4_0_1' generated file not found 'd:/Gabriel/Documents/Universite/S4/APP2/pb_logique_seq/pb_logique_seq.gen/sources_1/bd/design_1/ip/design_1_mux4_0_1/design_1_mux4_0_1_stub.vhdl'. Please regenerate to continue.
WARNING: [IP_Flow 19-3664] IP 'design_1_mux4_0_1' generated file not found 'd:/Gabriel/Documents/Universite/S4/APP2/pb_logique_seq/pb_logique_seq.gen/sources_1/bd/design_1/ip/design_1_mux4_0_1/design_1_mux4_0_1_sim_netlist.v'. Please regenerate to continue.
WARNING: [IP_Flow 19-3664] IP 'design_1_mux4_0_1' generated file not found 'd:/Gabriel/Documents/Universite/S4/APP2/pb_logique_seq/pb_logique_seq.gen/sources_1/bd/design_1/ip/design_1_mux4_0_1/design_1_mux4_0_1_sim_netlist.vhdl'. Please regenerate to continue.
WARNING: [IP_Flow 19-3664] IP 'design_1_sig_fct_sat_dure_0_1' generated file not found 'd:/Gabriel/Documents/Universite/S4/APP2/pb_logique_seq/pb_logique_seq.gen/sources_1/bd/design_1/ip/design_1_sig_fct_sat_dure_0_1/design_1_sig_fct_sat_dure_0_1.dcp'. Please regenerate to continue.
WARNING: [IP_Flow 19-3664] IP 'design_1_sig_fct_sat_dure_0_1' generated file not found 'd:/Gabriel/Documents/Universite/S4/APP2/pb_logique_seq/pb_logique_seq.gen/sources_1/bd/design_1/ip/design_1_sig_fct_sat_dure_0_1/design_1_sig_fct_sat_dure_0_1_stub.v'. Please regenerate to continue.
WARNING: [IP_Flow 19-3664] IP 'design_1_sig_fct_sat_dure_0_1' generated file not found 'd:/Gabriel/Documents/Universite/S4/APP2/pb_logique_seq/pb_logique_seq.gen/sources_1/bd/design_1/ip/design_1_sig_fct_sat_dure_0_1/design_1_sig_fct_sat_dure_0_1_stub.vhdl'. Please regenerate to continue.
WARNING: [IP_Flow 19-3664] IP 'design_1_sig_fct_sat_dure_0_1' generated file not found 'd:/Gabriel/Documents/Universite/S4/APP2/pb_logique_seq/pb_logique_seq.gen/sources_1/bd/design_1/ip/design_1_sig_fct_sat_dure_0_1/design_1_sig_fct_sat_dure_0_1_sim_netlist.v'. Please regenerate to continue.
WARNING: [IP_Flow 19-3664] IP 'design_1_sig_fct_sat_dure_0_1' generated file not found 'd:/Gabriel/Documents/Universite/S4/APP2/pb_logique_seq/pb_logique_seq.gen/sources_1/bd/design_1/ip/design_1_sig_fct_sat_dure_0_1/design_1_sig_fct_sat_dure_0_1_sim_netlist.vhdl'. Please regenerate to continue.
WARNING: [IP_Flow 19-3664] IP 'design_1_module_commande_0_0' generated file not found 'd:/Gabriel/Documents/Universite/S4/APP2/pb_logique_seq/pb_logique_seq.gen/sources_1/bd/design_1/ip/design_1_module_commande_0_0/design_1_module_commande_0_0.dcp'. Please regenerate to continue.
WARNING: [IP_Flow 19-3664] IP 'design_1_module_commande_0_0' generated file not found 'd:/Gabriel/Documents/Universite/S4/APP2/pb_logique_seq/pb_logique_seq.gen/sources_1/bd/design_1/ip/design_1_module_commande_0_0/design_1_module_commande_0_0_stub.v'. Please regenerate to continue.
WARNING: [IP_Flow 19-3664] IP 'design_1_module_commande_0_0' generated file not found 'd:/Gabriel/Documents/Universite/S4/APP2/pb_logique_seq/pb_logique_seq.gen/sources_1/bd/design_1/ip/design_1_module_commande_0_0/design_1_module_commande_0_0_stub.vhdl'. Please regenerate to continue.
WARNING: [IP_Flow 19-3664] IP 'design_1_module_commande_0_0' generated file not found 'd:/Gabriel/Documents/Universite/S4/APP2/pb_logique_seq/pb_logique_seq.gen/sources_1/bd/design_1/ip/design_1_module_commande_0_0/design_1_module_commande_0_0_sim_netlist.v'. Please regenerate to continue.
WARNING: [IP_Flow 19-3664] IP 'design_1_module_commande_0_0' generated file not found 'd:/Gabriel/Documents/Universite/S4/APP2/pb_logique_seq/pb_logique_seq.gen/sources_1/bd/design_1/ip/design_1_module_commande_0_0/design_1_module_commande_0_0_sim_netlist.vhdl'. Please regenerate to continue.
open_project: Time (s): cpu = 00:00:31 ; elapsed = 00:00:20 . Memory (MB): peak = 1094.375 ; gain = 0.000
update_compile_order -fileset sources_1
open_bd_design {D:/Gabriel/Documents/Universite/S4/APP2/pb_logique_seq/pb_logique_seq.srcs/sources_1/bd/design_1/design_1.bd}
Reading block design file <D:/Gabriel/Documents/Universite/S4/APP2/pb_logique_seq/pb_logique_seq.srcs/sources_1/bd/design_1/design_1.bd>...
Adding component instance block -- xilinx.com:module_ref:compteur_nbits:1.0 - compteur_7bits
Adding component instance block -- xilinx.com:module_ref:mef_decod_i2s_v1b:1.0 - MEF_decodeur_i2s
Adding component instance block -- xilinx.com:module_ref:reg_24b:1.0 - registre_24bits_droite
Adding component instance block -- xilinx.com:module_ref:reg_24b:1.0 - registre_24bits_gauche
Adding component instance block -- xilinx.com:module_ref:reg_dec_24b:1.0 - registre_decalage_24bits
Adding component instance block -- xilinx.com:ip:xlconstant:1.1 - xlconstant_0
Adding component instance block -- xilinx.com:ip:xlconstant:1.1 - xlconstant_1
Adding component instance block -- xilinx.com:module_ref:compteur_nbits:1.0 - compteur_nbits_0
Adding component instance block -- xilinx.com:module_ref:mef_cod_i2s_vsb:1.0 - mef_cod_i2s_vsb_0
Adding component instance block -- xilinx.com:module_ref:mux2:1.0 - mux2_0
Adding component instance block -- xilinx.com:module_ref:reg_dec_24b_fd:1.0 - reg_dec_24b_fd_0
Adding component instance block -- xilinx.com:ip:util_vector_logic:2.0 - util_vector_logic_0
Adding component instance block -- xilinx.com:ip:xlconcat:2.1 - xlconcat_0
Adding component instance block -- xilinx.com:ip:xlconstant:1.1 - xlconstant_0
Adding component instance block -- xilinx.com:ip:xlslice:1.0 - xlslice_0
Adding component instance block -- xilinx.com:module_ref:affhexPmodSSD_v3:1.0 - M10_conversion_affichage
Adding component instance block -- xilinx.com:module_ref:calcul_param_1:1.0 - M5_parametre_1
Adding component instance block -- xilinx.com:module_ref:calcul_param_2:1.0 - M6_parametre_2
Adding component instance block -- xilinx.com:module_ref:calcul_param_3:1.0 - M7_parametre_3
Adding component instance block -- xilinx.com:module_ref:mux4:1.0 - Multiplexeur_choix_fonction
Adding component instance block -- xilinx.com:module_ref:mux4:1.0 - Multiplexeur_choix_parametre
Adding component instance block -- xilinx.com:module_ref:sig_fct_3:1.0 - M4_fonction3
Adding component instance block -- xilinx.com:module_ref:sig_fct_sat_dure:1.0 - M2_fonction_distortion_dure1
Adding component instance block -- xilinx.com:module_ref:sig_fct_sat_dure:1.0 - M3_fonction_distorsion_dure2
Adding component instance block -- xilinx.com:ip:xlconstant:1.1 - parametre_0
Adding component instance block -- xilinx.com:module_ref:module_commande:1.0 - M8_commande
Successfully read diagram <design_1> from block design file <D:/Gabriel/Documents/Universite/S4/APP2/pb_logique_seq/pb_logique_seq.srcs/sources_1/bd/design_1/design_1.bd>
open_bd_design: Time (s): cpu = 00:00:13 ; elapsed = 00:00:17 . Memory (MB): peak = 1098.871 ; gain = 4.496
source D:/Gabriel/Documents/Universite/S4/APP2/pb_logique_seq/schema.tcl
# highlight_objects [get_bd_cells M5_parametre_1] -color red
# highlight_objects [get_bd_cells M6_parametre_2] -color red
# highlight_objects [get_bd_cells M8_commande] -color red
# highlight_objects [get_bd_cells M1_decodeur_i2s/MEF_decodeur_i2s] -color red
# set curDir [get_property DIRECTORY [current_project]]
# set_property location {1 178 353} [get_bd_cells M1_decodeur_i2s]
# set_property location {2 448 219} [get_bd_cells M2_fonction_distortion_dure1]
# set_property location {2 434 305} [get_bd_cells M3_fonction_distorsion_dure2]
# set_property location {2 410 384} [get_bd_cells M4_fonction3]
# set_property location {2.5 737 268} [get_bd_cells Multiplexeur_choix_fonction]
# set_property location {1 139 570} [get_bd_cells M9_codeur_i2s]
# set_property location {2 429 734} [get_bd_cells M8_commande]
# set_property location {3.5 1059 166} [get_bd_cells M5_parametre_1]
# set_property location {4 1057 59} [get_bd_cells parametre_0]
# set_property location {4 1026 341} [get_bd_cells M6_parametre_2]
# set_property location {4 1070 477} [get_bd_cells M7_parametre_3]
# set_property location {4.5 1369 284} [get_bd_cells Multiplexeur_choix_parametre]
# set_property location {5.5 1637 268} [get_bd_cells M10_conversion_affichage]
# set_property location {-72 570} [get_bd_ports o_pbdat]
# set_property location {-134 728} [get_bd_ports i_btn]
# set_property location {-116 750} [get_bd_ports i_sw]
# set_property location {-89 380} [get_bd_ports clk_100MHz]
# set_property location {-95 357} [get_bd_ports i_lrc]
# set_property location {-96 341} [get_bd_ports i_recdat]
# set_property location {2130 272} [get_bd_ports JPmod]
# set_property location {2130 120} [get_bd_ports o_param]
# set_property location {2130 700} [get_bd_ports o_sel_fct]
# set_property location {2130 725} [get_bd_ports o_sel_par]
# set_property USER_COMMENTS.comment_1 {Modules à modifier:
# MEF_decodeur_i2s (dans M1_decodeur_i2s)
# M5_parametre_1
# M6_parametre_2
# M8_commande
# Pour plus de clarté, vous pouvez cacher les fils pour les horloges
# et les resets dans les paramètres (engrenage en haut a droite de cette fenêtre).
# } [current_bd_design]
save_bd_design
Wrote  : <D:\Gabriel\Documents\Universite\S4\APP2\pb_logique_seq\pb_logique_seq.srcs\sources_1\bd\design_1\design_1.bd> 
Wrote  : <D:/Gabriel/Documents/Universite/S4/APP2/pb_logique_seq/pb_logique_seq.srcs/sources_1/bd/design_1/ui/bd_1f5defd0.ui> 
Wrote  : <D:/Gabriel/Documents/Universite/S4/APP2/pb_logique_seq/pb_logique_seq.srcs/sources_1/bd/design_1/ui/bd_a93fd001.ui> 
startgroup
set_property -dict [list CONFIG.CONST_VAL {0}] [get_bd_cells M1_decodeur_i2s/xlconstant_0]
endgroup
save_bd_design
Wrote  : <D:\Gabriel\Documents\Universite\S4\APP2\pb_logique_seq\pb_logique_seq.srcs\sources_1\bd\design_1\design_1.bd> 
Wrote  : <D:/Gabriel/Documents/Universite/S4/APP2/pb_logique_seq/pb_logique_seq.srcs/sources_1/bd/design_1/ui/bd_1f5defd0.ui> 
Wrote  : <D:/Gabriel/Documents/Universite/S4/APP2/pb_logique_seq/pb_logique_seq.srcs/sources_1/bd/design_1/ui/bd_a93fd001.ui> 
open_bd_design {D:/Gabriel/Documents/Universite/S4/APP2/pb_logique_seq/pb_logique_seq.srcs/sources_1/bd/design_1/design_1.bd}
update_module_reference design_1_module_commande_0_0
INFO: [IP_Flow 19-5107] Inferred bus interface 'o_reset' of definition 'xilinx.com:signal:reset:1.0' (from Xilinx Repository).
INFO: [IP_Flow 19-5107] Inferred bus interface 'clk' of definition 'xilinx.com:signal:clock:1.0' (from Xilinx Repository).
WARNING: [IP_Flow 19-5661] Bus Interface 'clk' does not have any bus interfaces associated with it.
INFO: [IP_Flow 19-234] Refreshing IP repositories
INFO: [IP_Flow 19-1704] No user IP repositories specified
Upgrading 'D:/Gabriel/Documents/Universite/S4/APP2/pb_logique_seq/pb_logique_seq.srcs/sources_1/bd/design_1/design_1.bd'
INFO: [IP_Flow 19-1972] Upgraded design_1_module_commande_0_0 from module_commande_v1_0 1.0 to module_commande_v1_0 1.0
Wrote  : <D:\Gabriel\Documents\Universite\S4\APP2\pb_logique_seq\pb_logique_seq.srcs\sources_1\bd\design_1\design_1.bd> 
Wrote  : <D:/Gabriel/Documents/Universite/S4/APP2/pb_logique_seq/pb_logique_seq.srcs/sources_1/bd/design_1/ui/bd_1f5defd0.ui> 
Wrote  : <D:/Gabriel/Documents/Universite/S4/APP2/pb_logique_seq/pb_logique_seq.srcs/sources_1/bd/design_1/ui/bd_a93fd001.ui> 
set_property top module_commande [current_fileset]
set_property top_lib xil_defaultlib [current_fileset]
set_property top_arch BEHAVIOR [current_fileset]
set_property top_file D:/Gabriel/Documents/Universite/S4/APP2/pb_logique_seq/pb_logique_seq.srcs/sources_1/imports/new/module_commande.vhd [current_fileset]
set_property top module_commande_tb [get_filesets sim_1]
set_property top_lib xil_defaultlib [get_filesets sim_1]
launch_simulation
Command: launch_simulation 
INFO: [Vivado 12-5698] Checking validity of IPs in the design for the 'XSim' simulator...
INFO: [Vivado 12-5682] Launching behavioral simulation in 'D:/Gabriel/Documents/Universite/S4/APP2/pb_logique_seq/pb_logique_seq.sim/sim_1/behav/xsim'
INFO: [Vivado 12-4795] Using compiled simulation libraries for IPs
INFO: [SIM-utils-51] Simulation object is 'sim_1'
INFO: [USF-XSim-7] Finding pre-compiled libraries...
INFO: [USF-XSim-11] File 'C:/Xilinx/Vivado/2020.2/data/xsim/xsim.ini' copied to run dir:'D:/Gabriel/Documents/Universite/S4/APP2/pb_logique_seq/pb_logique_seq.sim/sim_1/behav/xsim'
INFO: [SIM-utils-54] Inspecting design source files for 'module_commande_tb' in fileset 'sim_1'...
INFO: [USF-XSim-97] Finding global include files...
INFO: [USF-XSim-98] Fetching design files from 'sim_1'...
INFO: [USF-XSim-2] XSim::Compile design
INFO: [USF-XSim-61] Executing 'COMPILE and ANALYZE' step in 'D:/Gabriel/Documents/Universite/S4/APP2/pb_logique_seq/pb_logique_seq.sim/sim_1/behav/xsim'
"xvhdl --incr --relax -prj module_commande_tb_vhdl.prj"
INFO: [VRFC 10-163] Analyzing VHDL file "D:/Gabriel/Documents/Universite/S4/APP2/pb_logique_seq/pb_logique_seq.srcs/sources_1/imports/new/conditionne_btn_v7.vhd" into library xil_defaultlib
INFO: [VRFC 10-3107] analyzing entity 'conditionne_btn_v7'
INFO: [VRFC 10-163] Analyzing VHDL file "D:/Gabriel/Documents/Universite/S4/APP2/pb_logique_seq/pb_logique_seq.srcs/sources_1/imports/new/module_commande.vhd" into library xil_defaultlib
INFO: [VRFC 10-3107] analyzing entity 'module_commande'
INFO: [VRFC 10-163] Analyzing VHDL file "D:/Gabriel/Documents/Universite/S4/APP2/pb_logique_seq/pb_logique_seq.srcs/sources_1/imports/new/strb_gen_v3.vhd" into library xil_defaultlib
INFO: [VRFC 10-3107] analyzing entity 'strb_gen'
INFO: [VRFC 10-163] Analyzing VHDL file "D:/Gabriel/Documents/Universite/S4/APP2/pb_logique_seq/pb_logique_seq.srcs/sim_1/imports/new/module_commande_tb.vhd" into library xil_defaultlib
INFO: [VRFC 10-3107] analyzing entity 'module_commande_tb'
INFO: [USF-XSim-69] 'compile' step finished in '3' seconds
INFO: [USF-XSim-3] XSim::Elaborate design
INFO: [USF-XSim-61] Executing 'ELABORATE' step in 'D:/Gabriel/Documents/Universite/S4/APP2/pb_logique_seq/pb_logique_seq.sim/sim_1/behav/xsim'
"xelab -wto ae302d5aa3284400815652c101d33dae --incr --debug typical --relax --mt 2 -L xil_defaultlib -L secureip -L xpm --snapshot module_commande_tb_behav xil_defaultlib.module_commande_tb -log elaborate.log"
Vivado Simulator 2020.2
Copyright 1986-1999, 2001-2020 Xilinx, Inc. All Rights Reserved.
Running: C:/Xilinx/Vivado/2020.2/bin/unwrapped/win64.o/xelab.exe -wto ae302d5aa3284400815652c101d33dae --incr --debug typical --relax --mt 2 -L xil_defaultlib -L secureip -L xpm --snapshot module_commande_tb_behav xil_defaultlib.module_commande_tb -log elaborate.log 
Using 2 slave threads.
Starting static elaboration
WARNING: [VRFC 10-8437] comparison between unequal length arrays always returns FALSE, left argument length 4 is different from right argument length 2 for 'std_logic_vector_93' array [D:/Gabriel/Documents/Universite/S4/APP2/pb_logique_seq/pb_logique_seq.srcs/sources_1/imports/new/module_commande.vhd:67]
WARNING: [VRFC 10-8437] comparison between unequal length arrays always returns FALSE, left argument length 4 is different from right argument length 2 for 'std_logic_vector_93' array [D:/Gabriel/Documents/Universite/S4/APP2/pb_logique_seq/pb_logique_seq.srcs/sources_1/imports/new/module_commande.vhd:69]
WARNING: [VRFC 10-8437] comparison between unequal length arrays always returns FALSE, left argument length 4 is different from right argument length 2 for 'std_logic_vector_93' array [D:/Gabriel/Documents/Universite/S4/APP2/pb_logique_seq/pb_logique_seq.srcs/sources_1/imports/new/module_commande.vhd:75]
WARNING: [VRFC 10-8437] comparison between unequal length arrays always returns FALSE, left argument length 4 is different from right argument length 2 for 'std_logic_vector_93' array [D:/Gabriel/Documents/Universite/S4/APP2/pb_logique_seq/pb_logique_seq.srcs/sources_1/imports/new/module_commande.vhd:77]
WARNING: [VRFC 10-8437] comparison between unequal length arrays always returns FALSE, left argument length 4 is different from right argument length 2 for 'std_logic_vector_93' array [D:/Gabriel/Documents/Universite/S4/APP2/pb_logique_seq/pb_logique_seq.srcs/sources_1/imports/new/module_commande.vhd:84]
WARNING: [VRFC 10-8437] comparison between unequal length arrays always returns FALSE, left argument length 4 is different from right argument length 2 for 'std_logic_vector_93' array [D:/Gabriel/Documents/Universite/S4/APP2/pb_logique_seq/pb_logique_seq.srcs/sources_1/imports/new/module_commande.vhd:86]
WARNING: [VRFC 10-8437] comparison between unequal length arrays always returns FALSE, left argument length 4 is different from right argument length 2 for 'std_logic_vector_93' array [D:/Gabriel/Documents/Universite/S4/APP2/pb_logique_seq/pb_logique_seq.srcs/sources_1/imports/new/module_commande.vhd:93]
WARNING: [VRFC 10-8437] comparison between unequal length arrays always returns FALSE, left argument length 4 is different from right argument length 2 for 'std_logic_vector_93' array [D:/Gabriel/Documents/Universite/S4/APP2/pb_logique_seq/pb_logique_seq.srcs/sources_1/imports/new/module_commande.vhd:95]
Completed static elaboration
Starting simulation data flow analysis
Completed simulation data flow analysis
Time Resolution for simulation is 1ps
Compiling package std.standard
Compiling package std.textio
Compiling package ieee.std_logic_1164
Compiling package ieee.numeric_std
Compiling package ieee.std_logic_arith
Compiling package ieee.std_logic_unsigned
Compiling architecture behavioral of entity xil_defaultlib.strb_gen [strb_gen_default]
Compiling architecture behavioral of entity xil_defaultlib.conditionne_btn_v7 [\conditionne_btn_v7(mode_simul='...]
Compiling architecture behavior of entity xil_defaultlib.module_commande [\module_commande(mode_simulation...]
Compiling architecture behavioral of entity xil_defaultlib.module_commande_tb
Built simulation snapshot module_commande_tb_behav

****** Webtalk v2020.2 (64-bit)
  **** SW Build 3064766 on Wed Nov 18 09:12:45 MST 2020
  **** IP Build 3064653 on Wed Nov 18 14:17:31 MST 2020
    ** Copyright 1986-2020 Xilinx, Inc. All Rights Reserved.

source D:/Gabriel/Documents/Universite/S4/APP2/pb_logique_seq/pb_logique_seq.sim/sim_1/behav/xsim/xsim.dir/module_commande_tb_behav/webtalk/xsim_webtalk.tcl -notrace
INFO: [Common 17-206] Exiting Webtalk at Wed Jan 24 14:49:21 2024...
run_program: Time (s): cpu = 00:00:00 ; elapsed = 00:00:08 . Memory (MB): peak = 1166.918 ; gain = 0.000
INFO: [USF-XSim-69] 'elaborate' step finished in '8' seconds
INFO: [USF-XSim-4] XSim::Simulate design
INFO: [USF-XSim-61] Executing 'SIMULATE' step in 'D:/Gabriel/Documents/Universite/S4/APP2/pb_logique_seq/pb_logique_seq.sim/sim_1/behav/xsim'
INFO: [USF-XSim-98] *** Running xsim
   with args "module_commande_tb_behav -key {Behavioral:sim_1:Functional:module_commande_tb} -tclbatch {module_commande_tb.tcl} -log {simulate.log}"
INFO: [USF-XSim-8] Loading simulator feature
Vivado Simulator 2020.2
Time resolution is 1 ps
source module_commande_tb.tcl
# set curr_wave [current_wave_config]
# if { [string length $curr_wave] == 0 } {
#   if { [llength [get_objects]] > 0} {
#     add_wave /
#     set_property needs_save false [current_wave_config]
#   } else {
#      send_msg_id Add_Wave-1 WARNING "No top level signals found. Simulator will start without a wave window. If you want to open a wave window go to 'File->New Waveform Configuration' or type 'create_wave_config' in the TCL console."
#   }
# }
# run 1000ns
INFO: [USF-XSim-96] XSim completed. Design snapshot 'module_commande_tb_behav' loaded.
INFO: [USF-XSim-97] XSim simulation ran for 1000ns
launch_simulation: Time (s): cpu = 00:00:07 ; elapsed = 00:00:17 . Memory (MB): peak = 1206.355 ; gain = 39.438
update_compile_order -fileset sources_1
update_compile_order -fileset sim_1
close_sim
INFO: [Simtcl 6-16] Simulation closed
close_bd_design [get_bd_designs design_1]
Wrote  : <D:/Gabriel/Documents/Universite/S4/APP2/pb_logique_seq/pb_logique_seq.srcs/sources_1/bd/design_1/ui/bd_1f5defd0.ui> 
Wrote  : <D:/Gabriel/Documents/Universite/S4/APP2/pb_logique_seq/pb_logique_seq.srcs/sources_1/bd/design_1/ui/bd_a93fd001.ui> 
Wrote  : <D:/Gabriel/Documents/Universite/S4/APP2/pb_logique_seq/pb_logique_seq.srcs/sources_1/bd/design_1/ui/bd_1f5defd0.ui> 
Wrote  : <D:/Gabriel/Documents/Universite/S4/APP2/pb_logique_seq/pb_logique_seq.srcs/sources_1/bd/design_1/ui/bd_a93fd001.ui> 
launch_simulation
Command: launch_simulation 
INFO: [Vivado 12-5698] Checking validity of IPs in the design for the 'XSim' simulator...
INFO: [Vivado 12-5682] Launching behavioral simulation in 'D:/Gabriel/Documents/Universite/S4/APP2/pb_logique_seq/pb_logique_seq.sim/sim_1/behav/xsim'
INFO: [Vivado 12-4795] Using compiled simulation libraries for IPs
INFO: [SIM-utils-51] Simulation object is 'sim_1'
INFO: [USF-XSim-7] Finding pre-compiled libraries...
INFO: [USF-XSim-11] File 'C:/Xilinx/Vivado/2020.2/data/xsim/xsim.ini' copied to run dir:'D:/Gabriel/Documents/Universite/S4/APP2/pb_logique_seq/pb_logique_seq.sim/sim_1/behav/xsim'
INFO: [SIM-utils-54] Inspecting design source files for 'module_commande_tb' in fileset 'sim_1'...
INFO: [USF-XSim-97] Finding global include files...
INFO: [USF-XSim-98] Fetching design files from 'sim_1'...
INFO: [USF-XSim-2] XSim::Compile design
INFO: [USF-XSim-61] Executing 'COMPILE and ANALYZE' step in 'D:/Gabriel/Documents/Universite/S4/APP2/pb_logique_seq/pb_logique_seq.sim/sim_1/behav/xsim'
"xvhdl --incr --relax -prj module_commande_tb_vhdl.prj"
INFO: [USF-XSim-69] 'compile' step finished in '2' seconds
INFO: [USF-XSim-3] XSim::Elaborate design
INFO: [USF-XSim-61] Executing 'ELABORATE' step in 'D:/Gabriel/Documents/Universite/S4/APP2/pb_logique_seq/pb_logique_seq.sim/sim_1/behav/xsim'
"xelab -wto ae302d5aa3284400815652c101d33dae --incr --debug typical --relax --mt 2 -L xil_defaultlib -L secureip -L xpm --snapshot module_commande_tb_behav xil_defaultlib.module_commande_tb -log elaborate.log"
Vivado Simulator 2020.2
Copyright 1986-1999, 2001-2020 Xilinx, Inc. All Rights Reserved.
Running: C:/Xilinx/Vivado/2020.2/bin/unwrapped/win64.o/xelab.exe -wto ae302d5aa3284400815652c101d33dae --incr --debug typical --relax --mt 2 -L xil_defaultlib -L secureip -L xpm --snapshot module_commande_tb_behav xil_defaultlib.module_commande_tb -log elaborate.log 
Using 2 slave threads.
Starting static elaboration
WARNING: [VRFC 10-8437] comparison between unequal length arrays always returns FALSE, left argument length 4 is different from right argument length 2 for 'std_logic_vector_93' array [D:/Gabriel/Documents/Universite/S4/APP2/pb_logique_seq/pb_logique_seq.srcs/sources_1/imports/new/module_commande.vhd:67]
WARNING: [VRFC 10-8437] comparison between unequal length arrays always returns FALSE, left argument length 4 is different from right argument length 2 for 'std_logic_vector_93' array [D:/Gabriel/Documents/Universite/S4/APP2/pb_logique_seq/pb_logique_seq.srcs/sources_1/imports/new/module_commande.vhd:69]
WARNING: [VRFC 10-8437] comparison between unequal length arrays always returns FALSE, left argument length 4 is different from right argument length 2 for 'std_logic_vector_93' array [D:/Gabriel/Documents/Universite/S4/APP2/pb_logique_seq/pb_logique_seq.srcs/sources_1/imports/new/module_commande.vhd:75]
WARNING: [VRFC 10-8437] comparison between unequal length arrays always returns FALSE, left argument length 4 is different from right argument length 2 for 'std_logic_vector_93' array [D:/Gabriel/Documents/Universite/S4/APP2/pb_logique_seq/pb_logique_seq.srcs/sources_1/imports/new/module_commande.vhd:77]
WARNING: [VRFC 10-8437] comparison between unequal length arrays always returns FALSE, left argument length 4 is different from right argument length 2 for 'std_logic_vector_93' array [D:/Gabriel/Documents/Universite/S4/APP2/pb_logique_seq/pb_logique_seq.srcs/sources_1/imports/new/module_commande.vhd:84]
WARNING: [VRFC 10-8437] comparison between unequal length arrays always returns FALSE, left argument length 4 is different from right argument length 2 for 'std_logic_vector_93' array [D:/Gabriel/Documents/Universite/S4/APP2/pb_logique_seq/pb_logique_seq.srcs/sources_1/imports/new/module_commande.vhd:86]
WARNING: [VRFC 10-8437] comparison between unequal length arrays always returns FALSE, left argument length 4 is different from right argument length 2 for 'std_logic_vector_93' array [D:/Gabriel/Documents/Universite/S4/APP2/pb_logique_seq/pb_logique_seq.srcs/sources_1/imports/new/module_commande.vhd:93]
WARNING: [VRFC 10-8437] comparison between unequal length arrays always returns FALSE, left argument length 4 is different from right argument length 2 for 'std_logic_vector_93' array [D:/Gabriel/Documents/Universite/S4/APP2/pb_logique_seq/pb_logique_seq.srcs/sources_1/imports/new/module_commande.vhd:95]
Completed static elaboration
INFO: [XSIM 43-4323] No Change in HDL. Linking previously generated obj files to create kernel
INFO: [USF-XSim-69] 'elaborate' step finished in '2' seconds
INFO: [USF-XSim-4] XSim::Simulate design
INFO: [USF-XSim-61] Executing 'SIMULATE' step in 'D:/Gabriel/Documents/Universite/S4/APP2/pb_logique_seq/pb_logique_seq.sim/sim_1/behav/xsim'
INFO: [USF-XSim-98] *** Running xsim
   with args "module_commande_tb_behav -key {Behavioral:sim_1:Functional:module_commande_tb} -tclbatch {module_commande_tb.tcl} -log {simulate.log}"
INFO: [USF-XSim-8] Loading simulator feature
Vivado Simulator 2020.2
Time resolution is 1 ps
source module_commande_tb.tcl
# set curr_wave [current_wave_config]
# if { [string length $curr_wave] == 0 } {
#   if { [llength [get_objects]] > 0} {
#     add_wave /
#     set_property needs_save false [current_wave_config]
#   } else {
#      send_msg_id Add_Wave-1 WARNING "No top level signals found. Simulator will start without a wave window. If you want to open a wave window go to 'File->New Waveform Configuration' or type 'create_wave_config' in the TCL console."
#   }
# }
# run 1000ns
INFO: [USF-XSim-96] XSim completed. Design snapshot 'module_commande_tb_behav' loaded.
INFO: [USF-XSim-97] XSim simulation ran for 1000ns
launch_simulation: Time (s): cpu = 00:00:06 ; elapsed = 00:00:09 . Memory (MB): peak = 1211.629 ; gain = 4.414
add_force {/module_commande_tb/d_btn[1]} -radix hex {0 0ns} {1 50000ps} -repeat_every 100000ps
add_force {/module_commande_tb/d_btn[0]} -radix hex {0 0ns} {1 100000ps} -repeat_every 200000ps
run 4000 ns
run 4000 ns
run 4000 ns
run 4000 ns
relaunch_sim
Command: launch_simulation -simset sim_1 -mode behavioral
INFO: [Vivado 12-5698] Checking validity of IPs in the design for the 'XSim' simulator...
INFO: [Vivado 12-5682] Launching behavioral simulation in 'D:/Gabriel/Documents/Universite/S4/APP2/pb_logique_seq/pb_logique_seq.sim/sim_1/behav/xsim'
INFO: [Vivado 12-4795] Using compiled simulation libraries for IPs
INFO: [SIM-utils-51] Simulation object is 'sim_1'
INFO: [USF-XSim-7] Finding pre-compiled libraries...
INFO: [USF-XSim-11] File 'C:/Xilinx/Vivado/2020.2/data/xsim/xsim.ini' copied to run dir:'D:/Gabriel/Documents/Universite/S4/APP2/pb_logique_seq/pb_logique_seq.sim/sim_1/behav/xsim'
INFO: [SIM-utils-54] Inspecting design source files for 'module_commande_tb' in fileset 'sim_1'...
INFO: [USF-XSim-97] Finding global include files...
INFO: [USF-XSim-98] Fetching design files from 'sim_1'...
INFO: [USF-XSim-2] XSim::Compile design
INFO: [USF-XSim-61] Executing 'COMPILE and ANALYZE' step in 'D:/Gabriel/Documents/Universite/S4/APP2/pb_logique_seq/pb_logique_seq.sim/sim_1/behav/xsim'
"xvhdl --incr --relax -prj module_commande_tb_vhdl.prj"
INFO: [VRFC 10-163] Analyzing VHDL file "D:/Gabriel/Documents/Universite/S4/APP2/pb_logique_seq/pb_logique_seq.srcs/sources_1/imports/new/module_commande.vhd" into library xil_defaultlib
INFO: [VRFC 10-3107] analyzing entity 'module_commande'
INFO: [USF-XSim-69] 'compile' step finished in '3' seconds
launch_simulation: Time (s): cpu = 00:00:01 ; elapsed = 00:00:22 . Memory (MB): peak = 1214.848 ; gain = 0.000
Command: launch_simulation -simset sim_1 -mode behavioral
INFO: [Vivado 12-5698] Checking validity of IPs in the design for the 'XSim' simulator...
INFO: [Vivado 12-5682] Launching behavioral simulation in 'D:/Gabriel/Documents/Universite/S4/APP2/pb_logique_seq/pb_logique_seq.sim/sim_1/behav/xsim'
INFO: [Vivado 12-4795] Using compiled simulation libraries for IPs
INFO: [USF-XSim-3] XSim::Elaborate design
INFO: [USF-XSim-61] Executing 'ELABORATE' step in 'D:/Gabriel/Documents/Universite/S4/APP2/pb_logique_seq/pb_logique_seq.sim/sim_1/behav/xsim'
"xelab -wto ae302d5aa3284400815652c101d33dae --incr --debug typical --relax --mt 2 -L xil_defaultlib -L secureip -L xpm --snapshot module_commande_tb_behav xil_defaultlib.module_commande_tb -log elaborate.log"
Vivado Simulator 2020.2
Copyright 1986-1999, 2001-2020 Xilinx, Inc. All Rights Reserved.
Running: C:/Xilinx/Vivado/2020.2/bin/unwrapped/win64.o/xelab.exe -wto ae302d5aa3284400815652c101d33dae --incr --debug typical --relax --mt 2 -L xil_defaultlib -L secureip -L xpm --snapshot module_commande_tb_behav xil_defaultlib.module_commande_tb -log elaborate.log 
Using 2 slave threads.
Starting static elaboration
WARNING: [VRFC 10-8437] comparison between unequal length arrays always returns FALSE, left argument length 4 is different from right argument length 2 for 'std_logic_vector_93' array [D:/Gabriel/Documents/Universite/S4/APP2/pb_logique_seq/pb_logique_seq.srcs/sources_1/imports/new/module_commande.vhd:64]
WARNING: [VRFC 10-8437] comparison between unequal length arrays always returns FALSE, left argument length 4 is different from right argument length 2 for 'std_logic_vector_93' array [D:/Gabriel/Documents/Universite/S4/APP2/pb_logique_seq/pb_logique_seq.srcs/sources_1/imports/new/module_commande.vhd:66]
WARNING: [VRFC 10-8437] comparison between unequal length arrays always returns FALSE, left argument length 4 is different from right argument length 2 for 'std_logic_vector_93' array [D:/Gabriel/Documents/Universite/S4/APP2/pb_logique_seq/pb_logique_seq.srcs/sources_1/imports/new/module_commande.vhd:72]
WARNING: [VRFC 10-8437] comparison between unequal length arrays always returns FALSE, left argument length 4 is different from right argument length 2 for 'std_logic_vector_93' array [D:/Gabriel/Documents/Universite/S4/APP2/pb_logique_seq/pb_logique_seq.srcs/sources_1/imports/new/module_commande.vhd:74]
WARNING: [VRFC 10-8437] comparison between unequal length arrays always returns FALSE, left argument length 4 is different from right argument length 2 for 'std_logic_vector_93' array [D:/Gabriel/Documents/Universite/S4/APP2/pb_logique_seq/pb_logique_seq.srcs/sources_1/imports/new/module_commande.vhd:81]
WARNING: [VRFC 10-8437] comparison between unequal length arrays always returns FALSE, left argument length 4 is different from right argument length 2 for 'std_logic_vector_93' array [D:/Gabriel/Documents/Universite/S4/APP2/pb_logique_seq/pb_logique_seq.srcs/sources_1/imports/new/module_commande.vhd:83]
WARNING: [VRFC 10-8437] comparison between unequal length arrays always returns FALSE, left argument length 4 is different from right argument length 2 for 'std_logic_vector_93' array [D:/Gabriel/Documents/Universite/S4/APP2/pb_logique_seq/pb_logique_seq.srcs/sources_1/imports/new/module_commande.vhd:90]
WARNING: [VRFC 10-8437] comparison between unequal length arrays always returns FALSE, left argument length 4 is different from right argument length 2 for 'std_logic_vector_93' array [D:/Gabriel/Documents/Universite/S4/APP2/pb_logique_seq/pb_logique_seq.srcs/sources_1/imports/new/module_commande.vhd:92]
Completed static elaboration
Starting simulation data flow analysis
Completed simulation data flow analysis
Time Resolution for simulation is 1ps
Compiling package std.standard
Compiling package std.textio
Compiling package ieee.std_logic_1164
Compiling package ieee.numeric_std
Compiling package ieee.std_logic_arith
Compiling package ieee.std_logic_unsigned
Compiling architecture behavioral of entity xil_defaultlib.strb_gen [strb_gen_default]
Compiling architecture behavioral of entity xil_defaultlib.conditionne_btn_v7 [\conditionne_btn_v7(mode_simul='...]
Compiling architecture behavior of entity xil_defaultlib.module_commande [\module_commande(mode_simulation...]
Compiling architecture behavioral of entity xil_defaultlib.module_commande_tb
Built simulation snapshot module_commande_tb_behav
INFO: [USF-XSim-69] 'elaborate' step finished in '4' seconds
Vivado Simulator 2020.2
Time resolution is 1 ps
relaunch_sim: Time (s): cpu = 00:00:03 ; elapsed = 00:00:29 . Memory (MB): peak = 1215.520 ; gain = 0.672
add_force {/module_commande_tb/d_btn[1]} -radix hex {0 0ns} {1 50000ps} -repeat_every 100000ps
add_force {/module_commande_tb/d_btn[0]} -radix hex {0 0ns} {1 100000ps} -repeat_every 200000ps
run 4000 ns
add_bp {D:/Gabriel/Documents/Universite/S4/APP2/pb_logique_seq/pb_logique_seq.srcs/sources_1/imports/new/module_commande.vhd} 104
remove_bps -file {D:/Gabriel/Documents/Universite/S4/APP2/pb_logique_seq/pb_logique_seq.srcs/sources_1/imports/new/module_commande.vhd} -line 104
relaunch_sim
Command: launch_simulation -simset sim_1 -mode behavioral
INFO: [Vivado 12-5698] Checking validity of IPs in the design for the 'XSim' simulator...
INFO: [Vivado 12-5682] Launching behavioral simulation in 'D:/Gabriel/Documents/Universite/S4/APP2/pb_logique_seq/pb_logique_seq.sim/sim_1/behav/xsim'
INFO: [Vivado 12-4795] Using compiled simulation libraries for IPs
INFO: [SIM-utils-51] Simulation object is 'sim_1'
INFO: [USF-XSim-7] Finding pre-compiled libraries...
INFO: [USF-XSim-11] File 'C:/Xilinx/Vivado/2020.2/data/xsim/xsim.ini' copied to run dir:'D:/Gabriel/Documents/Universite/S4/APP2/pb_logique_seq/pb_logique_seq.sim/sim_1/behav/xsim'
INFO: [SIM-utils-54] Inspecting design source files for 'module_commande_tb' in fileset 'sim_1'...
INFO: [USF-XSim-97] Finding global include files...
INFO: [USF-XSim-98] Fetching design files from 'sim_1'...
INFO: [USF-XSim-2] XSim::Compile design
INFO: [USF-XSim-61] Executing 'COMPILE and ANALYZE' step in 'D:/Gabriel/Documents/Universite/S4/APP2/pb_logique_seq/pb_logique_seq.sim/sim_1/behav/xsim'
"xvhdl --incr --relax -prj module_commande_tb_vhdl.prj"
INFO: [VRFC 10-163] Analyzing VHDL file "D:/Gabriel/Documents/Universite/S4/APP2/pb_logique_seq/pb_logique_seq.srcs/sources_1/imports/new/module_commande.vhd" into library xil_defaultlib
INFO: [VRFC 10-3107] analyzing entity 'module_commande'
INFO: [USF-XSim-69] 'compile' step finished in '3' seconds
launch_simulation: Time (s): cpu = 00:00:02 ; elapsed = 00:00:25 . Memory (MB): peak = 1219.930 ; gain = 0.000
Command: launch_simulation -simset sim_1 -mode behavioral
INFO: [Vivado 12-5698] Checking validity of IPs in the design for the 'XSim' simulator...
INFO: [Vivado 12-5682] Launching behavioral simulation in 'D:/Gabriel/Documents/Universite/S4/APP2/pb_logique_seq/pb_logique_seq.sim/sim_1/behav/xsim'
INFO: [Vivado 12-4795] Using compiled simulation libraries for IPs
INFO: [USF-XSim-3] XSim::Elaborate design
INFO: [USF-XSim-61] Executing 'ELABORATE' step in 'D:/Gabriel/Documents/Universite/S4/APP2/pb_logique_seq/pb_logique_seq.sim/sim_1/behav/xsim'
"xelab -wto ae302d5aa3284400815652c101d33dae --incr --debug typical --relax --mt 2 -L xil_defaultlib -L secureip -L xpm --snapshot module_commande_tb_behav xil_defaultlib.module_commande_tb -log elaborate.log"
Vivado Simulator 2020.2
Copyright 1986-1999, 2001-2020 Xilinx, Inc. All Rights Reserved.
Running: C:/Xilinx/Vivado/2020.2/bin/unwrapped/win64.o/xelab.exe -wto ae302d5aa3284400815652c101d33dae --incr --debug typical --relax --mt 2 -L xil_defaultlib -L secureip -L xpm --snapshot module_commande_tb_behav xil_defaultlib.module_commande_tb -log elaborate.log 
Using 2 slave threads.
Starting static elaboration
WARNING: [VRFC 10-8437] comparison between unequal length arrays always returns FALSE, left argument length 4 is different from right argument length 2 for 'std_logic_vector_93' array [D:/Gabriel/Documents/Universite/S4/APP2/pb_logique_seq/pb_logique_seq.srcs/sources_1/imports/new/module_commande.vhd:64]
WARNING: [VRFC 10-8437] comparison between unequal length arrays always returns FALSE, left argument length 4 is different from right argument length 2 for 'std_logic_vector_93' array [D:/Gabriel/Documents/Universite/S4/APP2/pb_logique_seq/pb_logique_seq.srcs/sources_1/imports/new/module_commande.vhd:66]
WARNING: [VRFC 10-8437] comparison between unequal length arrays always returns FALSE, left argument length 4 is different from right argument length 2 for 'std_logic_vector_93' array [D:/Gabriel/Documents/Universite/S4/APP2/pb_logique_seq/pb_logique_seq.srcs/sources_1/imports/new/module_commande.vhd:72]
WARNING: [VRFC 10-8437] comparison between unequal length arrays always returns FALSE, left argument length 4 is different from right argument length 2 for 'std_logic_vector_93' array [D:/Gabriel/Documents/Universite/S4/APP2/pb_logique_seq/pb_logique_seq.srcs/sources_1/imports/new/module_commande.vhd:74]
WARNING: [VRFC 10-8437] comparison between unequal length arrays always returns FALSE, left argument length 4 is different from right argument length 2 for 'std_logic_vector_93' array [D:/Gabriel/Documents/Universite/S4/APP2/pb_logique_seq/pb_logique_seq.srcs/sources_1/imports/new/module_commande.vhd:81]
WARNING: [VRFC 10-8437] comparison between unequal length arrays always returns FALSE, left argument length 4 is different from right argument length 2 for 'std_logic_vector_93' array [D:/Gabriel/Documents/Universite/S4/APP2/pb_logique_seq/pb_logique_seq.srcs/sources_1/imports/new/module_commande.vhd:83]
WARNING: [VRFC 10-8437] comparison between unequal length arrays always returns FALSE, left argument length 4 is different from right argument length 2 for 'std_logic_vector_93' array [D:/Gabriel/Documents/Universite/S4/APP2/pb_logique_seq/pb_logique_seq.srcs/sources_1/imports/new/module_commande.vhd:90]
WARNING: [VRFC 10-8437] comparison between unequal length arrays always returns FALSE, left argument length 4 is different from right argument length 2 for 'std_logic_vector_93' array [D:/Gabriel/Documents/Universite/S4/APP2/pb_logique_seq/pb_logique_seq.srcs/sources_1/imports/new/module_commande.vhd:92]
Completed static elaboration
Starting simulation data flow analysis
Completed simulation data flow analysis
Time Resolution for simulation is 1ps
Compiling package std.standard
Compiling package std.textio
Compiling package ieee.std_logic_1164
Compiling package ieee.numeric_std
Compiling package ieee.std_logic_arith
Compiling package ieee.std_logic_unsigned
Compiling architecture behavioral of entity xil_defaultlib.strb_gen [strb_gen_default]
Compiling architecture behavioral of entity xil_defaultlib.conditionne_btn_v7 [\conditionne_btn_v7(mode_simul='...]
Compiling architecture behavior of entity xil_defaultlib.module_commande [\module_commande(mode_simulation...]
Compiling architecture behavioral of entity xil_defaultlib.module_commande_tb
Built simulation snapshot module_commande_tb_behav
INFO: [USF-XSim-69] 'elaborate' step finished in '3' seconds
Vivado Simulator 2020.2
Time resolution is 1 ps
relaunch_sim: Time (s): cpu = 00:00:02 ; elapsed = 00:00:31 . Memory (MB): peak = 1219.930 ; gain = 0.000
run 4000 ns
run 4000 ns
add_force {/module_commande_tb/d_btn[1]} -radix hex {0 0ns} {1 50000ps} -repeat_every 100000ps
add_force {/module_commande_tb/d_btn[0]} -radix hex {0 0ns} {1 100000ps} -repeat_every 200000ps
run 4000 ns
run 4000 ns
add_bp {D:/Gabriel/Documents/Universite/S4/APP2/pb_logique_seq/pb_logique_seq.srcs/sources_1/imports/new/module_commande.vhd} 81
run 4000 ns
remove_bps -file {D:/Gabriel/Documents/Universite/S4/APP2/pb_logique_seq/pb_logique_seq.srcs/sources_1/imports/new/module_commande.vhd} -line 81
relaunch_sim
Command: launch_simulation -simset sim_1 -mode behavioral
INFO: [Vivado 12-5698] Checking validity of IPs in the design for the 'XSim' simulator...
INFO: [Vivado 12-5682] Launching behavioral simulation in 'D:/Gabriel/Documents/Universite/S4/APP2/pb_logique_seq/pb_logique_seq.sim/sim_1/behav/xsim'
INFO: [Vivado 12-4795] Using compiled simulation libraries for IPs
INFO: [SIM-utils-51] Simulation object is 'sim_1'
INFO: [USF-XSim-7] Finding pre-compiled libraries...
INFO: [USF-XSim-11] File 'C:/Xilinx/Vivado/2020.2/data/xsim/xsim.ini' copied to run dir:'D:/Gabriel/Documents/Universite/S4/APP2/pb_logique_seq/pb_logique_seq.sim/sim_1/behav/xsim'
INFO: [SIM-utils-54] Inspecting design source files for 'module_commande_tb' in fileset 'sim_1'...
INFO: [USF-XSim-97] Finding global include files...
INFO: [USF-XSim-98] Fetching design files from 'sim_1'...
INFO: [USF-XSim-2] XSim::Compile design
INFO: [USF-XSim-61] Executing 'COMPILE and ANALYZE' step in 'D:/Gabriel/Documents/Universite/S4/APP2/pb_logique_seq/pb_logique_seq.sim/sim_1/behav/xsim'
"xvhdl --incr --relax -prj module_commande_tb_vhdl.prj"
INFO: [VRFC 10-163] Analyzing VHDL file "D:/Gabriel/Documents/Universite/S4/APP2/pb_logique_seq/pb_logique_seq.srcs/sources_1/imports/new/module_commande.vhd" into library xil_defaultlib
INFO: [VRFC 10-3107] analyzing entity 'module_commande'
INFO: [USF-XSim-69] 'compile' step finished in '2' seconds
launch_simulation: Time (s): cpu = 00:00:01 ; elapsed = 00:00:22 . Memory (MB): peak = 1219.984 ; gain = 0.000
Command: launch_simulation -simset sim_1 -mode behavioral
INFO: [Vivado 12-5698] Checking validity of IPs in the design for the 'XSim' simulator...
INFO: [Vivado 12-5682] Launching behavioral simulation in 'D:/Gabriel/Documents/Universite/S4/APP2/pb_logique_seq/pb_logique_seq.sim/sim_1/behav/xsim'
INFO: [Vivado 12-4795] Using compiled simulation libraries for IPs
INFO: [USF-XSim-3] XSim::Elaborate design
INFO: [USF-XSim-61] Executing 'ELABORATE' step in 'D:/Gabriel/Documents/Universite/S4/APP2/pb_logique_seq/pb_logique_seq.sim/sim_1/behav/xsim'
"xelab -wto ae302d5aa3284400815652c101d33dae --incr --debug typical --relax --mt 2 -L xil_defaultlib -L secureip -L xpm --snapshot module_commande_tb_behav xil_defaultlib.module_commande_tb -log elaborate.log"
Vivado Simulator 2020.2
Copyright 1986-1999, 2001-2020 Xilinx, Inc. All Rights Reserved.
Running: C:/Xilinx/Vivado/2020.2/bin/unwrapped/win64.o/xelab.exe -wto ae302d5aa3284400815652c101d33dae --incr --debug typical --relax --mt 2 -L xil_defaultlib -L secureip -L xpm --snapshot module_commande_tb_behav xil_defaultlib.module_commande_tb -log elaborate.log 
Using 2 slave threads.
Starting static elaboration
Completed static elaboration
Starting simulation data flow analysis
Completed simulation data flow analysis
Time Resolution for simulation is 1ps
Compiling package std.standard
Compiling package std.textio
Compiling package ieee.std_logic_1164
Compiling package ieee.numeric_std
Compiling package ieee.std_logic_arith
Compiling package ieee.std_logic_unsigned
Compiling architecture behavioral of entity xil_defaultlib.strb_gen [strb_gen_default]
Compiling architecture behavioral of entity xil_defaultlib.conditionne_btn_v7 [\conditionne_btn_v7(mode_simul='...]
Compiling architecture behavior of entity xil_defaultlib.module_commande [\module_commande(mode_simulation...]
Compiling architecture behavioral of entity xil_defaultlib.module_commande_tb
Built simulation snapshot module_commande_tb_behav
INFO: [USF-XSim-69] 'elaborate' step finished in '3' seconds
Vivado Simulator 2020.2
Time resolution is 1 ps
relaunch_sim: Time (s): cpu = 00:00:02 ; elapsed = 00:00:29 . Memory (MB): peak = 1219.984 ; gain = 0.000
run 4000 ns
run 4000 ns
run all
run: Time (s): cpu = 00:00:09 ; elapsed = 00:00:08 . Memory (MB): peak = 1221.320 ; gain = 0.000
close_sim
INFO: [Simtcl 6-16] Simulation closed
set_property top mef_decod_i2s_v1b [current_fileset]
set_property top_lib xil_defaultlib [current_fileset]
set_property top_arch Behavioral [current_fileset]
set_property top_file D:/Gabriel/Documents/Universite/S4/APP2/pb_logique_seq/pb_logique_seq.srcs/sources_1/imports/new/mef_decod_i2s_v1b.vhd [current_fileset]
set_property top mef_decod_i2s_v1b [get_filesets sim_1]
set_property top_lib xil_defaultlib [get_filesets sim_1]
set_property top_arch Behavioral [get_filesets sim_1]
set_property top_file D:/Gabriel/Documents/Universite/S4/APP2/pb_logique_seq/pb_logique_seq.srcs/sources_1/imports/new/mef_decod_i2s_v1b.vhd [get_filesets sim_1]
update_compile_order -fileset sources_1
update_compile_order -fileset sim_1
open_bd_design {D:/Gabriel/Documents/Universite/S4/APP2/pb_logique_seq/pb_logique_seq.srcs/sources_1/bd/design_1/design_1.bd}
Reading block design file <D:/Gabriel/Documents/Universite/S4/APP2/pb_logique_seq/pb_logique_seq.srcs/sources_1/bd/design_1/design_1.bd>...
Adding component instance block -- xilinx.com:module_ref:compteur_nbits:1.0 - compteur_7bits
Adding component instance block -- xilinx.com:module_ref:mef_decod_i2s_v1b:1.0 - MEF_decodeur_i2s
Adding component instance block -- xilinx.com:module_ref:reg_24b:1.0 - registre_24bits_droite
Adding component instance block -- xilinx.com:module_ref:reg_24b:1.0 - registre_24bits_gauche
Adding component instance block -- xilinx.com:module_ref:reg_dec_24b:1.0 - registre_decalage_24bits
Adding component instance block -- xilinx.com:ip:xlconstant:1.1 - xlconstant_0
Adding component instance block -- xilinx.com:ip:xlconstant:1.1 - xlconstant_1
Adding component instance block -- xilinx.com:module_ref:compteur_nbits:1.0 - compteur_nbits_0
Adding component instance block -- xilinx.com:module_ref:mef_cod_i2s_vsb:1.0 - mef_cod_i2s_vsb_0
Adding component instance block -- xilinx.com:module_ref:mux2:1.0 - mux2_0
Adding component instance block -- xilinx.com:module_ref:reg_dec_24b_fd:1.0 - reg_dec_24b_fd_0
Adding component instance block -- xilinx.com:ip:util_vector_logic:2.0 - util_vector_logic_0
Adding component instance block -- xilinx.com:ip:xlconcat:2.1 - xlconcat_0
Adding component instance block -- xilinx.com:ip:xlconstant:1.1 - xlconstant_0
Adding component instance block -- xilinx.com:ip:xlslice:1.0 - xlslice_0
Adding component instance block -- xilinx.com:module_ref:affhexPmodSSD_v3:1.0 - M10_conversion_affichage
Adding component instance block -- xilinx.com:module_ref:calcul_param_1:1.0 - M5_parametre_1
Adding component instance block -- xilinx.com:module_ref:calcul_param_2:1.0 - M6_parametre_2
Adding component instance block -- xilinx.com:module_ref:calcul_param_3:1.0 - M7_parametre_3
Adding component instance block -- xilinx.com:module_ref:mux4:1.0 - Multiplexeur_choix_fonction
Adding component instance block -- xilinx.com:module_ref:mux4:1.0 - Multiplexeur_choix_parametre
Adding component instance block -- xilinx.com:module_ref:sig_fct_3:1.0 - M4_fonction3
Adding component instance block -- xilinx.com:module_ref:sig_fct_sat_dure:1.0 - M2_fonction_distortion_dure1
Adding component instance block -- xilinx.com:module_ref:sig_fct_sat_dure:1.0 - M3_fonction_distorsion_dure2
Adding component instance block -- xilinx.com:ip:xlconstant:1.1 - parametre_0
Adding component instance block -- xilinx.com:module_ref:module_commande:1.0 - M8_commande
Successfully read diagram <design_1> from block design file <D:/Gabriel/Documents/Universite/S4/APP2/pb_logique_seq/pb_logique_seq.srcs/sources_1/bd/design_1/design_1.bd>
update_module_reference design_1_module_commande_0_0
INFO: [IP_Flow 19-5107] Inferred bus interface 'o_reset' of definition 'xilinx.com:signal:reset:1.0' (from Xilinx Repository).
INFO: [IP_Flow 19-5107] Inferred bus interface 'clk' of definition 'xilinx.com:signal:clock:1.0' (from Xilinx Repository).
WARNING: [IP_Flow 19-5661] Bus Interface 'clk' does not have any bus interfaces associated with it.
INFO: [IP_Flow 19-234] Refreshing IP repositories
INFO: [IP_Flow 19-1704] No user IP repositories specified
Upgrading 'D:/Gabriel/Documents/Universite/S4/APP2/pb_logique_seq/pb_logique_seq.srcs/sources_1/bd/design_1/design_1.bd'
INFO: [IP_Flow 19-1972] Upgraded design_1_module_commande_0_0 from module_commande_v1_0 1.0 to module_commande_v1_0 1.0
Wrote  : <D:\Gabriel\Documents\Universite\S4\APP2\pb_logique_seq\pb_logique_seq.srcs\sources_1\bd\design_1\design_1.bd> 
Wrote  : <D:/Gabriel/Documents/Universite/S4/APP2/pb_logique_seq/pb_logique_seq.srcs/sources_1/bd/design_1/ui/bd_1f5defd0.ui> 
Wrote  : <D:/Gabriel/Documents/Universite/S4/APP2/pb_logique_seq/pb_logique_seq.srcs/sources_1/bd/design_1/ui/bd_a93fd001.ui> 
source D:/Gabriel/Documents/Universite/S4/APP2/pb_logique_seq/schema.tcl
# highlight_objects [get_bd_cells M5_parametre_1] -color red
# highlight_objects [get_bd_cells M6_parametre_2] -color red
# highlight_objects [get_bd_cells M8_commande] -color red
# highlight_objects [get_bd_cells M1_decodeur_i2s/MEF_decodeur_i2s] -color red
# set curDir [get_property DIRECTORY [current_project]]
# set_property location {1 178 353} [get_bd_cells M1_decodeur_i2s]
# set_property location {2 448 219} [get_bd_cells M2_fonction_distortion_dure1]
# set_property location {2 434 305} [get_bd_cells M3_fonction_distorsion_dure2]
# set_property location {2 410 384} [get_bd_cells M4_fonction3]
# set_property location {2.5 737 268} [get_bd_cells Multiplexeur_choix_fonction]
# set_property location {1 139 570} [get_bd_cells M9_codeur_i2s]
# set_property location {2 429 734} [get_bd_cells M8_commande]
# set_property location {3.5 1059 166} [get_bd_cells M5_parametre_1]
# set_property location {4 1057 59} [get_bd_cells parametre_0]
# set_property location {4 1026 341} [get_bd_cells M6_parametre_2]
# set_property location {4 1070 477} [get_bd_cells M7_parametre_3]
# set_property location {4.5 1369 284} [get_bd_cells Multiplexeur_choix_parametre]
# set_property location {5.5 1637 268} [get_bd_cells M10_conversion_affichage]
# set_property location {-72 570} [get_bd_ports o_pbdat]
# set_property location {-134 728} [get_bd_ports i_btn]
# set_property location {-116 750} [get_bd_ports i_sw]
# set_property location {-89 380} [get_bd_ports clk_100MHz]
# set_property location {-95 357} [get_bd_ports i_lrc]
# set_property location {-96 341} [get_bd_ports i_recdat]
# set_property location {2130 272} [get_bd_ports JPmod]
# set_property location {2130 120} [get_bd_ports o_param]
# set_property location {2130 700} [get_bd_ports o_sel_fct]
# set_property location {2130 725} [get_bd_ports o_sel_par]
# set_property USER_COMMENTS.comment_1 {Modules à modifier:
# MEF_decodeur_i2s (dans M1_decodeur_i2s)
# M5_parametre_1
# M6_parametre_2
# M8_commande
# Pour plus de clarté, vous pouvez cacher les fils pour les horloges
# et les resets dans les paramètres (engrenage en haut a droite de cette fenêtre).
# } [current_bd_design]
save_bd_design
Wrote  : <D:\Gabriel\Documents\Universite\S4\APP2\pb_logique_seq\pb_logique_seq.srcs\sources_1\bd\design_1\design_1.bd> 
Wrote  : <D:/Gabriel/Documents/Universite/S4/APP2/pb_logique_seq/pb_logique_seq.srcs/sources_1/bd/design_1/ui/bd_1f5defd0.ui> 
Wrote  : <D:/Gabriel/Documents/Universite/S4/APP2/pb_logique_seq/pb_logique_seq.srcs/sources_1/bd/design_1/ui/bd_a93fd001.ui> 
close_bd_design [get_bd_designs design_1]
Wrote  : <D:/Gabriel/Documents/Universite/S4/APP2/pb_logique_seq/pb_logique_seq.srcs/sources_1/bd/design_1/ui/bd_1f5defd0.ui> 
Wrote  : <D:/Gabriel/Documents/Universite/S4/APP2/pb_logique_seq/pb_logique_seq.srcs/sources_1/bd/design_1/ui/bd_a93fd001.ui> 
exit
INFO: [Common 17-206] Exiting Vivado at Wed Jan 24 16:18:03 2024...
